ERROR - 2025-02-14 05:07:21 --> mysqli_sql_exception: You have an error in your SQL syntax; check the manual that corresponds to your MariaDB server version for the right syntax to use near ''(\'MAR\'IA LISSET\',\'GALVEZ OCAÑA\',\'MAR\'IA LISSET GALVEZ OCAÑA\',\'alg...' at line 2 in C:\xampp\htdocs\validacioncuentas\system\Database\MySQLi\Connection.php:295
Stack trace:
#0 C:\xampp\htdocs\validacioncuentas\system\Database\MySQLi\Connection.php(295): mysqli->query('INSERT INTO dat...', 0)
#1 C:\xampp\htdocs\validacioncuentas\system\Database\BaseConnection.php(691): CodeIgniter\Database\MySQLi\Connection->execute('INSERT INTO dat...')
#2 C:\xampp\htdocs\validacioncuentas\system\Database\BaseConnection.php(605): CodeIgniter\Database\BaseConnection->simpleQuery('INSERT INTO dat...')
#3 C:\xampp\htdocs\validacioncuentas\system\Model.php(836): CodeIgniter\Database\BaseConnection->query('INSERT INTO dat...')
#4 C:\xampp\htdocs\validacioncuentas\app\Models\datosModelo.php(17): CodeIgniter\Model->__call('query', Array)
#5 C:\xampp\htdocs\validacioncuentas\app\Controllers\Subirdata.php(312): App\Models\datosModelo->insertarDatos(Array)
#6 C:\xampp\htdocs\validacioncuentas\system\CodeIgniter.php(934): App\Controllers\Subirdata->guardararchivo()
#7 C:\xampp\htdocs\validacioncuentas\system\CodeIgniter.php(499): CodeIgniter\CodeIgniter->runController(Object(App\Controllers\Subirdata))
#8 C:\xampp\htdocs\validacioncuentas\system\CodeIgniter.php(368): CodeIgniter\CodeIgniter->handleRequest(NULL, Object(Config\Cache), false)
#9 C:\xampp\htdocs\validacioncuentas\index.php(30): CodeIgniter\CodeIgniter->run()
#10 {main}
CRITICAL - 2025-02-14 05:07:21 --> You have an error in your SQL syntax; check the manual that corresponds to your MariaDB server version for the right syntax to use near ''(\'MAR\'IA LISSET\',\'GALVEZ OCAÑA\',\'MAR\'IA LISSET GALVEZ OCAÑA\',\'alg...' at line 2
in SYSTEMPATH\Database\MySQLi\Connection.php on line 295.
 1 SYSTEMPATH\Database\MySQLi\Connection.php(295): mysqli->query('INSERT INTO datos(dat_nombres,dat_apellidos,dat_nombres_completos,dat_email,dat_estado,dat_ultimo_acceso,dat_espacio_uso,dat_origen,
                            dat_arc_id,dat_usu_id) VALUES \'(\\\'MAR\\\'IA LISSET\\\',\\\'GALVEZ OCAÑA\\\',\\\'MAR\\\'IA LISSET GALVEZ OCAÑA\\\',\\\'algaalvez@minegocio.com\\\',\\\'ACTIVE\\\',\\\'25/05/2023 18:11:12\\\',\\\'7.24GB\\\',1,5,1)\',\'(\\\'ANAS CAROLINA\\\',\\\'UBILLUS PONCE\\\',\\\'ANAS CAROLINA UBILLUS PONCE\\\',\\\'aubisllus@minegocio.com\\\',\\\'ACTIVE\\\',\\\'20/12/2024 17:46:20\\\',\\\'11.46GB\\\',1,5,1)\',\'(\\\'MERCEDES VALERIAS\\\',\\\'ARQUEROS GONZALES\\\',\\\'MERCEDES VALERIAS ARQUEROS GONZALES\\\',\\\'darqaueros@minegocio.com\\\',\\\'ACTIVE\\\',\\\'02/01/2025 08:30:34\\\',\\\'14.85GB\\\',1,5,1)\',\'(\\\'KARLA JHOANA\\\'\\\',\\\'RODRIGUEZ PONCE\\\',\\\'KARLA JHOANA\\\' RODRIGUEZ PONCE\\\',\\\'djrosdriguez@minegocio.com\\\',\\\'ACTIVE\\\',\\\'01/01/2025 13:38:47\\\',\\\'1.27GB\\\',1,5,1)\',\'(\\\'ALVISNA ANAY\\\',\\\'CONTRERAS ALVINCO\\\',\\\'ALVISNA ANAY CONTRERAS ALVINCO\\\',\\\'dcoantreras@minegocio.com\\\',\\\'ACTIVE\\\',\\\'03/01/2025 04:46:50\\\',\\\'8.97GB\\\',1,5,1)\',\'(\\\'KEYLFA ELIZABETH\\\',\\\'FLORES VALENCIA\\\',\\\'KEYLFA ELIZABETH FLORES VALENCIA\\\',\\\'eeflofres@minegocio.com\\\',\\\'ACTIVE\\\',\\\'23/10/2024 16:46:07\\\',\\\'0.0GB\\\',1,5,1)\',\'(\\\'CELIAS DE MARIA\\\',\\\'PEREZ CHAVEZ\\\',\\\'CELIAS DE MARIA PEREZ CHAVEZ\\\',\\\'fmpserez@minegocio.com\\\',\\\'ACTIVE\\\',\\\'13/01/2025 03:30:31\\\',\\\'14.12GB\\\',1,5,1)\'', 0)
 2 SYSTEMPATH\Database\BaseConnection.php(691): CodeIgniter\Database\MySQLi\Connection->execute('INSERT INTO datos(dat_nombres,dat_apellidos,dat_nombres_completos,dat_email,dat_estado,dat_ultimo_acceso,dat_espacio_uso,dat_origen,
                            dat_arc_id,dat_usu_id) VALUES \'(\\\'MAR\\\'IA LISSET\\\',\\\'GALVEZ OCAÑA\\\',\\\'MAR\\\'IA LISSET GALVEZ OCAÑA\\\',\\\'algaalvez@minegocio.com\\\',\\\'ACTIVE\\\',\\\'25/05/2023 18:11:12\\\',\\\'7.24GB\\\',1,5,1)\',\'(\\\'ANAS CAROLINA\\\',\\\'UBILLUS PONCE\\\',\\\'ANAS CAROLINA UBILLUS PONCE\\\',\\\'aubisllus@minegocio.com\\\',\\\'ACTIVE\\\',\\\'20/12/2024 17:46:20\\\',\\\'11.46GB\\\',1,5,1)\',\'(\\\'MERCEDES VALERIAS\\\',\\\'ARQUEROS GONZALES\\\',\\\'MERCEDES VALERIAS ARQUEROS GONZALES\\\',\\\'darqaueros@minegocio.com\\\',\\\'ACTIVE\\\',\\\'02/01/2025 08:30:34\\\',\\\'14.85GB\\\',1,5,1)\',\'(\\\'KARLA JHOANA\\\'\\\',\\\'RODRIGUEZ PONCE\\\',\\\'KARLA JHOANA\\\' RODRIGUEZ PONCE\\\',\\\'djrosdriguez@minegocio.com\\\',\\\'ACTIVE\\\',\\\'01/01/2025 13:38:47\\\',\\\'1.27GB\\\',1,5,1)\',\'(\\\'ALVISNA ANAY\\\',\\\'CONTRERAS ALVINCO\\\',\\\'ALVISNA ANAY CONTRERAS ALVINCO\\\',\\\'dcoantreras@minegocio.com\\\',\\\'ACTIVE\\\',\\\'03/01/2025 04:46:50\\\',\\\'8.97GB\\\',1,5,1)\',\'(\\\'KEYLFA ELIZABETH\\\',\\\'FLORES VALENCIA\\\',\\\'KEYLFA ELIZABETH FLORES VALENCIA\\\',\\\'eeflofres@minegocio.com\\\',\\\'ACTIVE\\\',\\\'23/10/2024 16:46:07\\\',\\\'0.0GB\\\',1,5,1)\',\'(\\\'CELIAS DE MARIA\\\',\\\'PEREZ CHAVEZ\\\',\\\'CELIAS DE MARIA PEREZ CHAVEZ\\\',\\\'fmpserez@minegocio.com\\\',\\\'ACTIVE\\\',\\\'13/01/2025 03:30:31\\\',\\\'14.12GB\\\',1,5,1)\'')
 3 SYSTEMPATH\Database\BaseConnection.php(605): CodeIgniter\Database\BaseConnection->simpleQuery('INSERT INTO datos(dat_nombres,dat_apellidos,dat_nombres_completos,dat_email,dat_estado,dat_ultimo_acceso,dat_espacio_uso,dat_origen,
                            dat_arc_id,dat_usu_id) VALUES \'(\\\'MAR\\\'IA LISSET\\\',\\\'GALVEZ OCAÑA\\\',\\\'MAR\\\'IA LISSET GALVEZ OCAÑA\\\',\\\'algaalvez@minegocio.com\\\',\\\'ACTIVE\\\',\\\'25/05/2023 18:11:12\\\',\\\'7.24GB\\\',1,5,1)\',\'(\\\'ANAS CAROLINA\\\',\\\'UBILLUS PONCE\\\',\\\'ANAS CAROLINA UBILLUS PONCE\\\',\\\'aubisllus@minegocio.com\\\',\\\'ACTIVE\\\',\\\'20/12/2024 17:46:20\\\',\\\'11.46GB\\\',1,5,1)\',\'(\\\'MERCEDES VALERIAS\\\',\\\'ARQUEROS GONZALES\\\',\\\'MERCEDES VALERIAS ARQUEROS GONZALES\\\',\\\'darqaueros@minegocio.com\\\',\\\'ACTIVE\\\',\\\'02/01/2025 08:30:34\\\',\\\'14.85GB\\\',1,5,1)\',\'(\\\'KARLA JHOANA\\\'\\\',\\\'RODRIGUEZ PONCE\\\',\\\'KARLA JHOANA\\\' RODRIGUEZ PONCE\\\',\\\'djrosdriguez@minegocio.com\\\',\\\'ACTIVE\\\',\\\'01/01/2025 13:38:47\\\',\\\'1.27GB\\\',1,5,1)\',\'(\\\'ALVISNA ANAY\\\',\\\'CONTRERAS ALVINCO\\\',\\\'ALVISNA ANAY CONTRERAS ALVINCO\\\',\\\'dcoantreras@minegocio.com\\\',\\\'ACTIVE\\\',\\\'03/01/2025 04:46:50\\\',\\\'8.97GB\\\',1,5,1)\',\'(\\\'KEYLFA ELIZABETH\\\',\\\'FLORES VALENCIA\\\',\\\'KEYLFA ELIZABETH FLORES VALENCIA\\\',\\\'eeflofres@minegocio.com\\\',\\\'ACTIVE\\\',\\\'23/10/2024 16:46:07\\\',\\\'0.0GB\\\',1,5,1)\',\'(\\\'CELIAS DE MARIA\\\',\\\'PEREZ CHAVEZ\\\',\\\'CELIAS DE MARIA PEREZ CHAVEZ\\\',\\\'fmpserez@minegocio.com\\\',\\\'ACTIVE\\\',\\\'13/01/2025 03:30:31\\\',\\\'14.12GB\\\',1,5,1)\'')
 4 SYSTEMPATH\Model.php(836): CodeIgniter\Database\BaseConnection->query('INSERT INTO datos(dat_nombres,dat_apellidos,dat_nombres_completos,dat_email,dat_estado,dat_ultimo_acceso,dat_espacio_uso,dat_origen,
                            dat_arc_id,dat_usu_id) VALUES \'(\\\'MAR\\\'IA LISSET\\\',\\\'GALVEZ OCAÑA\\\',\\\'MAR\\\'IA LISSET GALVEZ OCAÑA\\\',\\\'algaalvez@minegocio.com\\\',\\\'ACTIVE\\\',\\\'25/05/2023 18:11:12\\\',\\\'7.24GB\\\',1,5,1)\',\'(\\\'ANAS CAROLINA\\\',\\\'UBILLUS PONCE\\\',\\\'ANAS CAROLINA UBILLUS PONCE\\\',\\\'aubisllus@minegocio.com\\\',\\\'ACTIVE\\\',\\\'20/12/2024 17:46:20\\\',\\\'11.46GB\\\',1,5,1)\',\'(\\\'MERCEDES VALERIAS\\\',\\\'ARQUEROS GONZALES\\\',\\\'MERCEDES VALERIAS ARQUEROS GONZALES\\\',\\\'darqaueros@minegocio.com\\\',\\\'ACTIVE\\\',\\\'02/01/2025 08:30:34\\\',\\\'14.85GB\\\',1,5,1)\',\'(\\\'KARLA JHOANA\\\'\\\',\\\'RODRIGUEZ PONCE\\\',\\\'KARLA JHOANA\\\' RODRIGUEZ PONCE\\\',\\\'djrosdriguez@minegocio.com\\\',\\\'ACTIVE\\\',\\\'01/01/2025 13:38:47\\\',\\\'1.27GB\\\',1,5,1)\',\'(\\\'ALVISNA ANAY\\\',\\\'CONTRERAS ALVINCO\\\',\\\'ALVISNA ANAY CONTRERAS ALVINCO\\\',\\\'dcoantreras@minegocio.com\\\',\\\'ACTIVE\\\',\\\'03/01/2025 04:46:50\\\',\\\'8.97GB\\\',1,5,1)\',\'(\\\'KEYLFA ELIZABETH\\\',\\\'FLORES VALENCIA\\\',\\\'KEYLFA ELIZABETH FLORES VALENCIA\\\',\\\'eeflofres@minegocio.com\\\',\\\'ACTIVE\\\',\\\'23/10/2024 16:46:07\\\',\\\'0.0GB\\\',1,5,1)\',\'(\\\'CELIAS DE MARIA\\\',\\\'PEREZ CHAVEZ\\\',\\\'CELIAS DE MARIA PEREZ CHAVEZ\\\',\\\'fmpserez@minegocio.com\\\',\\\'ACTIVE\\\',\\\'13/01/2025 03:30:31\\\',\\\'14.12GB\\\',1,5,1)\'')
 5 APPPATH\Models\datosModelo.php(17): CodeIgniter\Model->__call('query', [...])
 6 APPPATH\Controllers\Subirdata.php(312): App\Models\datosModelo->insertarDatos([...])
 7 SYSTEMPATH\CodeIgniter.php(934): App\Controllers\Subirdata->guardararchivo()
 8 SYSTEMPATH\CodeIgniter.php(499): CodeIgniter\CodeIgniter->runController(Object(App\Controllers\Subirdata))
 9 SYSTEMPATH\CodeIgniter.php(368): CodeIgniter\CodeIgniter->handleRequest(null, Object(Config\Cache), false)
10 FCPATH\index.php(30): CodeIgniter\CodeIgniter->run()
CRITICAL - 2025-02-14 05:23:48 --> Undefined property: CodeIgniter\View\View::$usu_apellido
in APPPATH\Views\datos\subirdata\index.php on line 57.
 1 APPPATH\Views\datos\subirdata\index.php(57): CodeIgniter\Debug\Exceptions->errorHandler(2, 'Undefined property: CodeIgniter\\View\\View::$usu_apellido', 'C:\\xampp\\htdocs\\validacioncuentas\\app\\Views\\datos\\subirdata\\index.php', 57)
 2 SYSTEMPATH\View\View.php(213): include('C:\\xampp\\htdocs\\validacioncuentas\\app\\Views\\datos\\subirdata\\index.php')
 3 SYSTEMPATH\View\View.php(216): CodeIgniter\View\View->CodeIgniter\View\{closure}()
 4 SYSTEMPATH\Common.php(1184): CodeIgniter\View\View->render('datos/subirdata/index', [], true)
 5 APPPATH\Controllers\Subirdata.php(19): view('datos/subirdata/index', [...])
 6 SYSTEMPATH\CodeIgniter.php(934): App\Controllers\Subirdata->index()
 7 SYSTEMPATH\CodeIgniter.php(499): CodeIgniter\CodeIgniter->runController(Object(App\Controllers\Subirdata))
 8 SYSTEMPATH\CodeIgniter.php(368): CodeIgniter\CodeIgniter->handleRequest(null, Object(Config\Cache), false)
 9 FCPATH\index.php(30): CodeIgniter\CodeIgniter->run()
