CRITICAL - 2025-02-22 17:41:44 --> Archivo inv치lido: mantenedor/peyorativos/index.php
in SYSTEMPATH\Exceptions\FrameworkException.php on line 33.
 1 SYSTEMPATH\View\View.php(201): CodeIgniter\Exceptions\FrameworkException::forInvalidFile('mantenedor/peyorativos/index.php')
 2 SYSTEMPATH\Common.php(1184): CodeIgniter\View\View->render('mantenedor/peyorativos/index', [], true)
 3 APPPATH\Controllers\Peyorativos.php(17): view('mantenedor/peyorativos/index', [...])
 4 SYSTEMPATH\CodeIgniter.php(934): App\Controllers\Peyorativos->index()
 5 SYSTEMPATH\CodeIgniter.php(499): CodeIgniter\CodeIgniter->runController(Object(App\Controllers\Peyorativos))
 6 SYSTEMPATH\CodeIgniter.php(368): CodeIgniter\CodeIgniter->handleRequest(null, Object(Config\Cache), false)
 7 FCPATH\index.php(30): CodeIgniter\CodeIgniter->run()
CRITICAL - 2025-02-22 17:47:28 --> Archivo inv치lido: mantenedor/peyorativos/edit.php
in SYSTEMPATH\Exceptions\FrameworkException.php on line 33.
 1 SYSTEMPATH\View\View.php(201): CodeIgniter\Exceptions\FrameworkException::forInvalidFile('mantenedor/peyorativos/edit.php')
 2 SYSTEMPATH\Common.php(1184): CodeIgniter\View\View->render('mantenedor/peyorativos/edit', [], true)
 3 APPPATH\Controllers\Peyorativos.php(46): view('mantenedor/peyorativos/edit', [...])
 4 SYSTEMPATH\CodeIgniter.php(934): App\Controllers\Peyorativos->edit('3')
 5 SYSTEMPATH\CodeIgniter.php(499): CodeIgniter\CodeIgniter->runController(Object(App\Controllers\Peyorativos))
 6 SYSTEMPATH\CodeIgniter.php(368): CodeIgniter\CodeIgniter->handleRequest(null, Object(Config\Cache), false)
 7 FCPATH\index.php(30): CodeIgniter\CodeIgniter->run()
CRITICAL - 2025-02-22 17:47:57 --> Archivo inv치lido: mantenedor/peyorativos/edit.php
in SYSTEMPATH\Exceptions\FrameworkException.php on line 33.
 1 SYSTEMPATH\View\View.php(201): CodeIgniter\Exceptions\FrameworkException::forInvalidFile('mantenedor/peyorativos/edit.php')
 2 SYSTEMPATH\Common.php(1184): CodeIgniter\View\View->render('mantenedor/peyorativos/edit', [], true)
 3 APPPATH\Controllers\Peyorativos.php(46): view('mantenedor/peyorativos/edit', [...])
 4 SYSTEMPATH\CodeIgniter.php(934): App\Controllers\Peyorativos->edit('3')
 5 SYSTEMPATH\CodeIgniter.php(499): CodeIgniter\CodeIgniter->runController(Object(App\Controllers\Peyorativos))
 6 SYSTEMPATH\CodeIgniter.php(368): CodeIgniter\CodeIgniter->handleRequest(null, Object(Config\Cache), false)
 7 FCPATH\index.php(30): CodeIgniter\CodeIgniter->run()
CRITICAL - 2025-02-22 17:48:27 --> Archivo inv치lido: mantenedor/dominio/edit.php
in SYSTEMPATH\Exceptions\FrameworkException.php on line 33.
 1 SYSTEMPATH\View\View.php(201): CodeIgniter\Exceptions\FrameworkException::forInvalidFile('mantenedor/dominio/edit.php')
 2 SYSTEMPATH\Common.php(1184): CodeIgniter\View\View->render('mantenedor/dominio/edit', [], true)
 3 APPPATH\Controllers\Dominio.php(46): view('mantenedor/dominio/edit', [...])
 4 SYSTEMPATH\CodeIgniter.php(934): App\Controllers\Dominio->edit('2')
 5 SYSTEMPATH\CodeIgniter.php(499): CodeIgniter\CodeIgniter->runController(Object(App\Controllers\Dominio))
 6 SYSTEMPATH\CodeIgniter.php(368): CodeIgniter\CodeIgniter->handleRequest(null, Object(Config\Cache), false)
 7 FCPATH\index.php(30): CodeIgniter\CodeIgniter->run()
