ERROR - 2025-03-08 15:36:08 --> mysqli_sql_exception: You have an error in your SQL syntax; check the manual that corresponds to your MariaDB server version for the right syntax to use near '' at line 2 in C:\xampp\htdocs\validacioncuentas\system\Database\MySQLi\Connection.php:295
Stack trace:
#0 C:\xampp\htdocs\validacioncuentas\system\Database\MySQLi\Connection.php(295): mysqli->query('INSERT INTO dat...', 0)
#1 C:\xampp\htdocs\validacioncuentas\system\Database\BaseConnection.php(691): CodeIgniter\Database\MySQLi\Connection->execute('INSERT INTO dat...')
#2 C:\xampp\htdocs\validacioncuentas\system\Database\BaseConnection.php(605): CodeIgniter\Database\BaseConnection->simpleQuery('INSERT INTO dat...')
#3 C:\xampp\htdocs\validacioncuentas\system\Model.php(836): CodeIgniter\Database\BaseConnection->query('INSERT INTO dat...')
#4 C:\xampp\htdocs\validacioncuentas\app\Models\datosModelo.php(47): CodeIgniter\Model->__call('query', Array)
#5 C:\xampp\htdocs\validacioncuentas\app\Controllers\Generardata.php(713): App\Models\datosModelo->insertarDatosGenerados('', '3')
#6 C:\xampp\htdocs\validacioncuentas\system\CodeIgniter.php(934): App\Controllers\Generardata->guardararchivo()
#7 C:\xampp\htdocs\validacioncuentas\system\CodeIgniter.php(499): CodeIgniter\CodeIgniter->runController(Object(App\Controllers\Generardata))
#8 C:\xampp\htdocs\validacioncuentas\system\CodeIgniter.php(368): CodeIgniter\CodeIgniter->handleRequest(NULL, Object(Config\Cache), false)
#9 C:\xampp\htdocs\validacioncuentas\index.php(30): CodeIgniter\CodeIgniter->run()
#10 {main}
CRITICAL - 2025-03-08 15:36:08 --> You have an error in your SQL syntax; check the manual that corresponds to your MariaDB server version for the right syntax to use near '' at line 2
in SYSTEMPATH\Database\MySQLi\Connection.php on line 295.
 1 SYSTEMPATH\Database\MySQLi\Connection.php(295): mysqli->query('INSERT INTO datos(dat_codigo,dat_dni,dat_nombres,dat_apellidos,dat_nombres_completos,dat_email,dat_celular,dat_correo_personal,dat_facultad,dat_escuela,dat_sede,
            dat_clave,dat_estado,dat_ultimo_acceso,dat_espacio_uso,dat_origen,dat_arc_id,dat_usu_id,dat_emp_id) VALUES ', 0)
 2 SYSTEMPATH\Database\BaseConnection.php(691): CodeIgniter\Database\MySQLi\Connection->execute('INSERT INTO datos(dat_codigo,dat_dni,dat_nombres,dat_apellidos,dat_nombres_completos,dat_email,dat_celular,dat_correo_personal,dat_facultad,dat_escuela,dat_sede,
            dat_clave,dat_estado,dat_ultimo_acceso,dat_espacio_uso,dat_origen,dat_arc_id,dat_usu_id,dat_emp_id) VALUES ')
 3 SYSTEMPATH\Database\BaseConnection.php(605): CodeIgniter\Database\BaseConnection->simpleQuery('INSERT INTO datos(dat_codigo,dat_dni,dat_nombres,dat_apellidos,dat_nombres_completos,dat_email,dat_celular,dat_correo_personal,dat_facultad,dat_escuela,dat_sede,
            dat_clave,dat_estado,dat_ultimo_acceso,dat_espacio_uso,dat_origen,dat_arc_id,dat_usu_id,dat_emp_id) VALUES ')
 4 SYSTEMPATH\Model.php(836): CodeIgniter\Database\BaseConnection->query('INSERT INTO datos(dat_codigo,dat_dni,dat_nombres,dat_apellidos,dat_nombres_completos,dat_email,dat_celular,dat_correo_personal,dat_facultad,dat_escuela,dat_sede,
            dat_clave,dat_estado,dat_ultimo_acceso,dat_espacio_uso,dat_origen,dat_arc_id,dat_usu_id,dat_emp_id) VALUES ')
 5 APPPATH\Models\datosModelo.php(47): CodeIgniter\Model->__call('query', [...])
 6 APPPATH\Controllers\Generardata.php(713): App\Models\datosModelo->insertarDatosGenerados('', '3')
 7 SYSTEMPATH\CodeIgniter.php(934): App\Controllers\Generardata->guardararchivo()
 8 SYSTEMPATH\CodeIgniter.php(499): CodeIgniter\CodeIgniter->runController(Object(App\Controllers\Generardata))
 9 SYSTEMPATH\CodeIgniter.php(368): CodeIgniter\CodeIgniter->handleRequest(null, Object(Config\Cache), false)
10 FCPATH\index.php(30): CodeIgniter\CodeIgniter->run()
ERROR - 2025-03-08 15:36:37 --> mysqli_sql_exception: You have an error in your SQL syntax; check the manual that corresponds to your MariaDB server version for the right syntax to use near '' at line 2 in C:\xampp\htdocs\validacioncuentas\system\Database\MySQLi\Connection.php:295
Stack trace:
#0 C:\xampp\htdocs\validacioncuentas\system\Database\MySQLi\Connection.php(295): mysqli->query('INSERT INTO dat...', 0)
#1 C:\xampp\htdocs\validacioncuentas\system\Database\BaseConnection.php(691): CodeIgniter\Database\MySQLi\Connection->execute('INSERT INTO dat...')
#2 C:\xampp\htdocs\validacioncuentas\system\Database\BaseConnection.php(605): CodeIgniter\Database\BaseConnection->simpleQuery('INSERT INTO dat...')
#3 C:\xampp\htdocs\validacioncuentas\system\Model.php(836): CodeIgniter\Database\BaseConnection->query('INSERT INTO dat...')
#4 C:\xampp\htdocs\validacioncuentas\app\Models\datosModelo.php(47): CodeIgniter\Model->__call('query', Array)
#5 C:\xampp\htdocs\validacioncuentas\app\Controllers\Generardata.php(713): App\Models\datosModelo->insertarDatosGenerados('', '3')
#6 C:\xampp\htdocs\validacioncuentas\system\CodeIgniter.php(934): App\Controllers\Generardata->guardararchivo()
#7 C:\xampp\htdocs\validacioncuentas\system\CodeIgniter.php(499): CodeIgniter\CodeIgniter->runController(Object(App\Controllers\Generardata))
#8 C:\xampp\htdocs\validacioncuentas\system\CodeIgniter.php(368): CodeIgniter\CodeIgniter->handleRequest(NULL, Object(Config\Cache), false)
#9 C:\xampp\htdocs\validacioncuentas\index.php(30): CodeIgniter\CodeIgniter->run()
#10 {main}
CRITICAL - 2025-03-08 15:36:37 --> You have an error in your SQL syntax; check the manual that corresponds to your MariaDB server version for the right syntax to use near '' at line 2
in SYSTEMPATH\Database\MySQLi\Connection.php on line 295.
 1 SYSTEMPATH\Database\MySQLi\Connection.php(295): mysqli->query('INSERT INTO datos(dat_codigo,dat_dni,dat_nombres,dat_apellidos,dat_nombres_completos,dat_email,dat_celular,dat_correo_personal,dat_facultad,dat_escuela,dat_sede,
            dat_clave,dat_estado,dat_ultimo_acceso,dat_espacio_uso,dat_origen,dat_arc_id,dat_usu_id,dat_emp_id) VALUES ', 0)
 2 SYSTEMPATH\Database\BaseConnection.php(691): CodeIgniter\Database\MySQLi\Connection->execute('INSERT INTO datos(dat_codigo,dat_dni,dat_nombres,dat_apellidos,dat_nombres_completos,dat_email,dat_celular,dat_correo_personal,dat_facultad,dat_escuela,dat_sede,
            dat_clave,dat_estado,dat_ultimo_acceso,dat_espacio_uso,dat_origen,dat_arc_id,dat_usu_id,dat_emp_id) VALUES ')
 3 SYSTEMPATH\Database\BaseConnection.php(605): CodeIgniter\Database\BaseConnection->simpleQuery('INSERT INTO datos(dat_codigo,dat_dni,dat_nombres,dat_apellidos,dat_nombres_completos,dat_email,dat_celular,dat_correo_personal,dat_facultad,dat_escuela,dat_sede,
            dat_clave,dat_estado,dat_ultimo_acceso,dat_espacio_uso,dat_origen,dat_arc_id,dat_usu_id,dat_emp_id) VALUES ')
 4 SYSTEMPATH\Model.php(836): CodeIgniter\Database\BaseConnection->query('INSERT INTO datos(dat_codigo,dat_dni,dat_nombres,dat_apellidos,dat_nombres_completos,dat_email,dat_celular,dat_correo_personal,dat_facultad,dat_escuela,dat_sede,
            dat_clave,dat_estado,dat_ultimo_acceso,dat_espacio_uso,dat_origen,dat_arc_id,dat_usu_id,dat_emp_id) VALUES ')
 5 APPPATH\Models\datosModelo.php(47): CodeIgniter\Model->__call('query', [...])
 6 APPPATH\Controllers\Generardata.php(713): App\Models\datosModelo->insertarDatosGenerados('', '3')
 7 SYSTEMPATH\CodeIgniter.php(934): App\Controllers\Generardata->guardararchivo()
 8 SYSTEMPATH\CodeIgniter.php(499): CodeIgniter\CodeIgniter->runController(Object(App\Controllers\Generardata))
 9 SYSTEMPATH\CodeIgniter.php(368): CodeIgniter\CodeIgniter->handleRequest(null, Object(Config\Cache), false)
10 FCPATH\index.php(30): CodeIgniter\CodeIgniter->run()
CRITICAL - 2025-03-08 15:43:29 --> Undefined variable $dato
in APPPATH\Controllers\Generardata.php on line 712.
 1 APPPATH\Controllers\Generardata.php(712): CodeIgniter\Debug\Exceptions->errorHandler(2, 'Undefined variable $dato', 'C:\\xampp\\htdocs\\validacioncuentas\\app\\Controllers\\Generardata.php', 712)
 2 SYSTEMPATH\CodeIgniter.php(934): App\Controllers\Generardata->guardararchivo()
 3 SYSTEMPATH\CodeIgniter.php(499): CodeIgniter\CodeIgniter->runController(Object(App\Controllers\Generardata))
 4 SYSTEMPATH\CodeIgniter.php(368): CodeIgniter\CodeIgniter->handleRequest(null, Object(Config\Cache), false)
 5 FCPATH\index.php(30): CodeIgniter\CodeIgniter->run()
CRITICAL - 2025-03-08 15:44:23 --> syntax error, unexpected token "public", expecting end of file
in APPPATH\Controllers\Generardata.php on line 745.
 1 SYSTEMPATH\Autoloader\Autoloader.php(289): CodeIgniter\Autoloader\Autoloader->includeFile('C:\\xampp\\htdocs\\validacioncuentas\\app\\Controllers\\Generardata.php')
 2 SYSTEMPATH\Autoloader\Autoloader.php(267): CodeIgniter\Autoloader\Autoloader->loadInNamespace('App\\Controllers\\Generardata')
 3 [internal function]: CodeIgniter\Autoloader\Autoloader->loadClass('App\\Controllers\\Generardata')
 4 SYSTEMPATH\CodeIgniter.php(892): class_exists('\\App\\Controllers\\Generardata', true)
 5 SYSTEMPATH\CodeIgniter.php(486): CodeIgniter\CodeIgniter->startController()
 6 SYSTEMPATH\CodeIgniter.php(368): CodeIgniter\CodeIgniter->handleRequest(null, Object(Config\Cache), false)
 7 FCPATH\index.php(30): CodeIgniter\CodeIgniter->run()
CRITICAL - 2025-03-08 15:44:27 --> syntax error, unexpected token "public", expecting end of file
in APPPATH\Controllers\Generardata.php on line 745.
 1 SYSTEMPATH\Autoloader\Autoloader.php(289): CodeIgniter\Autoloader\Autoloader->includeFile('C:\\xampp\\htdocs\\validacioncuentas\\app\\Controllers\\Generardata.php')
 2 SYSTEMPATH\Autoloader\Autoloader.php(267): CodeIgniter\Autoloader\Autoloader->loadInNamespace('App\\Controllers\\Generardata')
 3 [internal function]: CodeIgniter\Autoloader\Autoloader->loadClass('App\\Controllers\\Generardata')
 4 SYSTEMPATH\CodeIgniter.php(892): class_exists('\\App\\Controllers\\Generardata', true)
 5 SYSTEMPATH\CodeIgniter.php(486): CodeIgniter\CodeIgniter->startController()
 6 SYSTEMPATH\CodeIgniter.php(368): CodeIgniter\CodeIgniter->handleRequest(null, Object(Config\Cache), false)
 7 FCPATH\index.php(30): CodeIgniter\CodeIgniter->run()
CRITICAL - 2025-03-08 15:44:39 --> syntax error, unexpected token "public", expecting end of file
in APPPATH\Controllers\Generardata.php on line 745.
 1 SYSTEMPATH\Autoloader\Autoloader.php(289): CodeIgniter\Autoloader\Autoloader->includeFile('C:\\xampp\\htdocs\\validacioncuentas\\app\\Controllers\\Generardata.php')
 2 SYSTEMPATH\Autoloader\Autoloader.php(267): CodeIgniter\Autoloader\Autoloader->loadInNamespace('App\\Controllers\\Generardata')
 3 [internal function]: CodeIgniter\Autoloader\Autoloader->loadClass('App\\Controllers\\Generardata')
 4 SYSTEMPATH\CodeIgniter.php(892): class_exists('\\App\\Controllers\\Generardata', true)
 5 SYSTEMPATH\CodeIgniter.php(486): CodeIgniter\CodeIgniter->startController()
 6 SYSTEMPATH\CodeIgniter.php(368): CodeIgniter\CodeIgniter->handleRequest(null, Object(Config\Cache), false)
 7 FCPATH\index.php(30): CodeIgniter\CodeIgniter->run()
CRITICAL - 2025-03-08 15:45:01 --> syntax error, unexpected token "public", expecting end of file
in APPPATH\Controllers\Generardata.php on line 745.
 1 SYSTEMPATH\Autoloader\Autoloader.php(289): CodeIgniter\Autoloader\Autoloader->includeFile('C:\\xampp\\htdocs\\validacioncuentas\\app\\Controllers\\Generardata.php')
 2 SYSTEMPATH\Autoloader\Autoloader.php(267): CodeIgniter\Autoloader\Autoloader->loadInNamespace('App\\Controllers\\Generardata')
 3 [internal function]: CodeIgniter\Autoloader\Autoloader->loadClass('App\\Controllers\\Generardata')
 4 SYSTEMPATH\CodeIgniter.php(892): class_exists('\\App\\Controllers\\Generardata', true)
 5 SYSTEMPATH\CodeIgniter.php(486): CodeIgniter\CodeIgniter->startController()
 6 SYSTEMPATH\CodeIgniter.php(368): CodeIgniter\CodeIgniter->handleRequest(null, Object(Config\Cache), false)
 7 FCPATH\index.php(30): CodeIgniter\CodeIgniter->run()
CRITICAL - 2025-03-08 15:45:21 --> syntax error, unexpected token "public", expecting end of file
in APPPATH\Controllers\Generardata.php on line 745.
 1 SYSTEMPATH\Autoloader\Autoloader.php(289): CodeIgniter\Autoloader\Autoloader->includeFile('C:\\xampp\\htdocs\\validacioncuentas\\app\\Controllers\\Generardata.php')
 2 SYSTEMPATH\Autoloader\Autoloader.php(267): CodeIgniter\Autoloader\Autoloader->loadInNamespace('App\\Controllers\\Generardata')
 3 [internal function]: CodeIgniter\Autoloader\Autoloader->loadClass('App\\Controllers\\Generardata')
 4 SYSTEMPATH\CodeIgniter.php(892): class_exists('\\App\\Controllers\\Generardata', true)
 5 SYSTEMPATH\CodeIgniter.php(486): CodeIgniter\CodeIgniter->startController()
 6 SYSTEMPATH\CodeIgniter.php(368): CodeIgniter\CodeIgniter->handleRequest(null, Object(Config\Cache), false)
 7 FCPATH\index.php(30): CodeIgniter\CodeIgniter->run()
CRITICAL - 2025-03-08 16:19:55 --> syntax error, unexpected token ";", expecting ")"
in APPPATH\Controllers\Generardata.php on line 947.
 1 SYSTEMPATH\Autoloader\Autoloader.php(289): CodeIgniter\Autoloader\Autoloader->includeFile('C:\\xampp\\htdocs\\validacioncuentas\\app\\Controllers\\Generardata.php')
 2 SYSTEMPATH\Autoloader\Autoloader.php(267): CodeIgniter\Autoloader\Autoloader->loadInNamespace('App\\Controllers\\Generardata')
 3 [internal function]: CodeIgniter\Autoloader\Autoloader->loadClass('App\\Controllers\\Generardata')
 4 SYSTEMPATH\CodeIgniter.php(892): class_exists('\\App\\Controllers\\Generardata', true)
 5 SYSTEMPATH\CodeIgniter.php(486): CodeIgniter\CodeIgniter->startController()
 6 SYSTEMPATH\CodeIgniter.php(368): CodeIgniter\CodeIgniter->handleRequest(null, Object(Config\Cache), false)
 7 FCPATH\index.php(30): CodeIgniter\CodeIgniter->run()
CRITICAL - 2025-03-08 17:25:09 --> Undefined array key 7
in APPPATH\Libraries\Excel\PHPExcel\Cell.php on line 777.
 1 APPPATH\Libraries\Excel\PHPExcel\Cell.php(777): CodeIgniter\Debug\Exceptions->errorHandler(2, 'Undefined array key 7', 'C:\\xampp\\htdocs\\validacioncuentas\\app\\Libraries\\Excel\\PHPExcel\\Cell.php', 777)
 2 APPPATH\Libraries\Excel\PHPExcel\Worksheet.php(1347): PHPExcel_Cell::columnIndexFromString('A7')
 3 APPPATH\Controllers\Generardata.php(958): PHPExcel_Worksheet->getColumnDimension('A7')
 4 SYSTEMPATH\CodeIgniter.php(934): App\Controllers\Generardata->descargarcuentas('11')
 5 SYSTEMPATH\CodeIgniter.php(499): CodeIgniter\CodeIgniter->runController(Object(App\Controllers\Generardata))
 6 SYSTEMPATH\CodeIgniter.php(368): CodeIgniter\CodeIgniter->handleRequest(null, Object(Config\Cache), false)
 7 FCPATH\index.php(30): CodeIgniter\CodeIgniter->run()
CRITICAL - 2025-03-08 17:27:02 --> Undefined array key 7
in APPPATH\Libraries\Excel\PHPExcel\Cell.php on line 777.
 1 APPPATH\Libraries\Excel\PHPExcel\Cell.php(777): CodeIgniter\Debug\Exceptions->errorHandler(2, 'Undefined array key 7', 'C:\\xampp\\htdocs\\validacioncuentas\\app\\Libraries\\Excel\\PHPExcel\\Cell.php', 777)
 2 APPPATH\Libraries\Excel\PHPExcel\Worksheet.php(1347): PHPExcel_Cell::columnIndexFromString('A7')
 3 APPPATH\Controllers\Generardata.php(953): PHPExcel_Worksheet->getColumnDimension('A7')
 4 SYSTEMPATH\CodeIgniter.php(934): App\Controllers\Generardata->descargarcuentas('11')
 5 SYSTEMPATH\CodeIgniter.php(499): CodeIgniter\CodeIgniter->runController(Object(App\Controllers\Generardata))
 6 SYSTEMPATH\CodeIgniter.php(368): CodeIgniter\CodeIgniter->handleRequest(null, Object(Config\Cache), false)
 7 FCPATH\index.php(30): CodeIgniter\CodeIgniter->run()
CRITICAL - 2025-03-08 17:32:29 --> Undefined array key 7
in APPPATH\Libraries\Excel\PHPExcel\Cell.php on line 777.
 1 APPPATH\Libraries\Excel\PHPExcel\Cell.php(777): CodeIgniter\Debug\Exceptions->errorHandler(2, 'Undefined array key 7', 'C:\\xampp\\htdocs\\validacioncuentas\\app\\Libraries\\Excel\\PHPExcel\\Cell.php', 777)
 2 APPPATH\Libraries\Excel\PHPExcel\Worksheet.php(1347): PHPExcel_Cell::columnIndexFromString('A7')
 3 APPPATH\Controllers\Generardata.php(954): PHPExcel_Worksheet->getColumnDimension('A7')
 4 SYSTEMPATH\CodeIgniter.php(934): App\Controllers\Generardata->descargarcuentas('11')
 5 SYSTEMPATH\CodeIgniter.php(499): CodeIgniter\CodeIgniter->runController(Object(App\Controllers\Generardata))
 6 SYSTEMPATH\CodeIgniter.php(368): CodeIgniter\CodeIgniter->handleRequest(null, Object(Config\Cache), false)
 7 FCPATH\index.php(30): CodeIgniter\CodeIgniter->run()
CRITICAL - 2025-03-08 17:33:16 --> Undefined array key 7
in APPPATH\Libraries\Excel\PHPExcel\Cell.php on line 777.
 1 APPPATH\Libraries\Excel\PHPExcel\Cell.php(777): CodeIgniter\Debug\Exceptions->errorHandler(2, 'Undefined array key 7', 'C:\\xampp\\htdocs\\validacioncuentas\\app\\Libraries\\Excel\\PHPExcel\\Cell.php', 777)
 2 APPPATH\Libraries\Excel\PHPExcel\Worksheet.php(1347): PHPExcel_Cell::columnIndexFromString('A7')
 3 APPPATH\Controllers\Generardata.php(954): PHPExcel_Worksheet->getColumnDimension('A7')
 4 SYSTEMPATH\CodeIgniter.php(934): App\Controllers\Generardata->descargarcuentas('11')
 5 SYSTEMPATH\CodeIgniter.php(499): CodeIgniter\CodeIgniter->runController(Object(App\Controllers\Generardata))
 6 SYSTEMPATH\CodeIgniter.php(368): CodeIgniter\CodeIgniter->handleRequest(null, Object(Config\Cache), false)
 7 FCPATH\index.php(30): CodeIgniter\CodeIgniter->run()
CRITICAL - 2025-03-08 17:33:57 --> Undefined array key 7
in APPPATH\Libraries\Excel\PHPExcel\Cell.php on line 777.
 1 APPPATH\Libraries\Excel\PHPExcel\Cell.php(777): CodeIgniter\Debug\Exceptions->errorHandler(2, 'Undefined array key 7', 'C:\\xampp\\htdocs\\validacioncuentas\\app\\Libraries\\Excel\\PHPExcel\\Cell.php', 777)
 2 APPPATH\Libraries\Excel\PHPExcel\Worksheet.php(1347): PHPExcel_Cell::columnIndexFromString('B7')
 3 APPPATH\Controllers\Generardata.php(956): PHPExcel_Worksheet->getColumnDimension('B7')
 4 SYSTEMPATH\CodeIgniter.php(934): App\Controllers\Generardata->descargarcuentas('11')
 5 SYSTEMPATH\CodeIgniter.php(499): CodeIgniter\CodeIgniter->runController(Object(App\Controllers\Generardata))
 6 SYSTEMPATH\CodeIgniter.php(368): CodeIgniter\CodeIgniter->handleRequest(null, Object(Config\Cache), false)
 7 FCPATH\index.php(30): CodeIgniter\CodeIgniter->run()
CRITICAL - 2025-03-08 18:32:11 --> Undefined variable $item
in APPPATH\Controllers\Generardata.php on line 811.
 1 APPPATH\Controllers\Generardata.php(811): CodeIgniter\Debug\Exceptions->errorHandler(2, 'Undefined variable $item', 'C:\\xampp\\htdocs\\validacioncuentas\\app\\Controllers\\Generardata.php', 811)
 2 SYSTEMPATH\CodeIgniter.php(934): App\Controllers\Generardata->pdf('11')
 3 SYSTEMPATH\CodeIgniter.php(499): CodeIgniter\CodeIgniter->runController(Object(App\Controllers\Generardata))
 4 SYSTEMPATH\CodeIgniter.php(368): CodeIgniter\CodeIgniter->handleRequest(null, Object(Config\Cache), false)
 5 FCPATH\index.php(30): CodeIgniter\CodeIgniter->run()
