CRITICAL - 2025-02-23 11:12:08 --> Cannot use object of type stdClass as array
in APPPATH\Controllers\Generardata.php on line 45.
 1 SYSTEMPATH\CodeIgniter.php(934): App\Controllers\Generardata->index()
 2 SYSTEMPATH\CodeIgniter.php(499): CodeIgniter\CodeIgniter->runController(Object(App\Controllers\Generardata))
 3 SYSTEMPATH\CodeIgniter.php(368): CodeIgniter\CodeIgniter->handleRequest(null, Object(Config\Cache), false)
 4 FCPATH\index.php(30): CodeIgniter\CodeIgniter->run()
CRITICAL - 2025-02-23 11:12:49 --> Cannot use object of type stdClass as array
in APPPATH\Controllers\Generardata.php on line 45.
 1 SYSTEMPATH\CodeIgniter.php(934): App\Controllers\Generardata->index()
 2 SYSTEMPATH\CodeIgniter.php(499): CodeIgniter\CodeIgniter->runController(Object(App\Controllers\Generardata))
 3 SYSTEMPATH\CodeIgniter.php(368): CodeIgniter\CodeIgniter->handleRequest(null, Object(Config\Cache), false)
 4 FCPATH\index.php(30): CodeIgniter\CodeIgniter->run()
CRITICAL - 2025-02-23 11:13:14 --> Call to undefined method App\Models\archivosModelo::validarArchivo
in SYSTEMPATH\Model.php on line 842.
 1 APPPATH\Controllers\Generardata.php(45): CodeIgniter\Model->__call('validarArchivo', [...])
 2 SYSTEMPATH\CodeIgniter.php(934): App\Controllers\Generardata->index()
 3 SYSTEMPATH\CodeIgniter.php(499): CodeIgniter\CodeIgniter->runController(Object(App\Controllers\Generardata))
 4 SYSTEMPATH\CodeIgniter.php(368): CodeIgniter\CodeIgniter->handleRequest(null, Object(Config\Cache), false)
 5 FCPATH\index.php(30): CodeIgniter\CodeIgniter->run()
CRITICAL - 2025-02-23 11:13:44 --> Attempt to read property "pey_nombre" on array
in APPPATH\Controllers\Generardata.php on line 48.
 1 APPPATH\Controllers\Generardata.php(48): CodeIgniter\Debug\Exceptions->errorHandler(2, 'Attempt to read property "pey_nombre" on array', 'C:\\xampp\\htdocs\\validacioncuentas\\app\\Controllers\\Generardata.php', 48)
 2 SYSTEMPATH\CodeIgniter.php(934): App\Controllers\Generardata->index()
 3 SYSTEMPATH\CodeIgniter.php(499): CodeIgniter\CodeIgniter->runController(Object(App\Controllers\Generardata))
 4 SYSTEMPATH\CodeIgniter.php(368): CodeIgniter\CodeIgniter->handleRequest(null, Object(Config\Cache), false)
 5 FCPATH\index.php(30): CodeIgniter\CodeIgniter->run()
CRITICAL - 2025-02-23 11:16:11 --> Cannot use object of type stdClass as array
in APPPATH\Controllers\Generardata.php on line 49.
 1 SYSTEMPATH\CodeIgniter.php(934): App\Controllers\Generardata->index()
 2 SYSTEMPATH\CodeIgniter.php(499): CodeIgniter\CodeIgniter->runController(Object(App\Controllers\Generardata))
 3 SYSTEMPATH\CodeIgniter.php(368): CodeIgniter\CodeIgniter->handleRequest(null, Object(Config\Cache), false)
 4 FCPATH\index.php(30): CodeIgniter\CodeIgniter->run()
CRITICAL - 2025-02-23 11:27:44 --> Undefined array key 3
in APPPATH\Controllers\Generardata.php on line 45.
 1 APPPATH\Controllers\Generardata.php(45): CodeIgniter\Debug\Exceptions->errorHandler(2, 'Undefined array key 3', 'C:\\xampp\\htdocs\\validacioncuentas\\app\\Controllers\\Generardata.php', 45)
 2 SYSTEMPATH\CodeIgniter.php(934): App\Controllers\Generardata->index()
 3 SYSTEMPATH\CodeIgniter.php(499): CodeIgniter\CodeIgniter->runController(Object(App\Controllers\Generardata))
 4 SYSTEMPATH\CodeIgniter.php(368): CodeIgniter\CodeIgniter->handleRequest(null, Object(Config\Cache), false)
 5 FCPATH\index.php(30): CodeIgniter\CodeIgniter->run()
