CRITICAL - 2025-02-06 20:20:31 --> Cannot access protected property FPDF::$lMargin
in APPPATH\Controllers\Generardata.php on line 562.
 1 SYSTEMPATH\CodeIgniter.php(934): App\Controllers\Generardata->pdf('1')
 2 SYSTEMPATH\CodeIgniter.php(499): CodeIgniter\CodeIgniter->runController(Object(App\Controllers\Generardata))
 3 SYSTEMPATH\CodeIgniter.php(368): CodeIgniter\CodeIgniter->handleRequest(null, Object(Config\Cache), false)
 4 FCPATH\index.php(30): CodeIgniter\CodeIgniter->run()
CRITICAL - 2025-02-06 20:24:05 --> Call to undefined method FPDF::GetMargins()
in APPPATH\Controllers\Generardata.php on line 562.
 1 SYSTEMPATH\CodeIgniter.php(934): App\Controllers\Generardata->pdf('1')
 2 SYSTEMPATH\CodeIgniter.php(499): CodeIgniter\CodeIgniter->runController(Object(App\Controllers\Generardata))
 3 SYSTEMPATH\CodeIgniter.php(368): CodeIgniter\CodeIgniter->handleRequest(null, Object(Config\Cache), false)
 4 FCPATH\index.php(30): CodeIgniter\CodeIgniter->run()
CRITICAL - 2025-02-06 20:25:01 --> Undefined variable $margins
in APPPATH\Controllers\Generardata.php on line 562.
 1 APPPATH\Controllers\Generardata.php(562): CodeIgniter\Debug\Exceptions->errorHandler(2, 'Undefined variable $margins', 'C:\\xampp\\htdocs\\validacioncuentas\\app\\Controllers\\Generardata.php', 562)
 2 SYSTEMPATH\CodeIgniter.php(934): App\Controllers\Generardata->pdf('1')
 3 SYSTEMPATH\CodeIgniter.php(499): CodeIgniter\CodeIgniter->runController(Object(App\Controllers\Generardata))
 4 SYSTEMPATH\CodeIgniter.php(368): CodeIgniter\CodeIgniter->handleRequest(null, Object(Config\Cache), false)
 5 FCPATH\index.php(30): CodeIgniter\CodeIgniter->run()
CRITICAL - 2025-02-06 20:26:13 --> Undefined variable $margins
in APPPATH\Controllers\Generardata.php on line 563.
 1 APPPATH\Controllers\Generardata.php(563): CodeIgniter\Debug\Exceptions->errorHandler(2, 'Undefined variable $margins', 'C:\\xampp\\htdocs\\validacioncuentas\\app\\Controllers\\Generardata.php', 563)
 2 SYSTEMPATH\CodeIgniter.php(934): App\Controllers\Generardata->pdf('1')
 3 SYSTEMPATH\CodeIgniter.php(499): CodeIgniter\CodeIgniter->runController(Object(App\Controllers\Generardata))
 4 SYSTEMPATH\CodeIgniter.php(368): CodeIgniter\CodeIgniter->handleRequest(null, Object(Config\Cache), false)
 5 FCPATH\index.php(30): CodeIgniter\CodeIgniter->run()
CRITICAL - 2025-02-06 20:26:14 --> Undefined variable $margins
in APPPATH\Controllers\Generardata.php on line 563.
 1 APPPATH\Controllers\Generardata.php(563): CodeIgniter\Debug\Exceptions->errorHandler(2, 'Undefined variable $margins', 'C:\\xampp\\htdocs\\validacioncuentas\\app\\Controllers\\Generardata.php', 563)
 2 SYSTEMPATH\CodeIgniter.php(934): App\Controllers\Generardata->pdf('1')
 3 SYSTEMPATH\CodeIgniter.php(499): CodeIgniter\CodeIgniter->runController(Object(App\Controllers\Generardata))
 4 SYSTEMPATH\CodeIgniter.php(368): CodeIgniter\CodeIgniter->handleRequest(null, Object(Config\Cache), false)
 5 FCPATH\index.php(30): CodeIgniter\CodeIgniter->run()
