CRITICAL - 2025-03-16 11:27:37 --> Attempt to read property "mes" on array
in APPPATH\Controllers\Inicio.php on line 57.
 1 APPPATH\Controllers\Inicio.php(57): CodeIgniter\Debug\Exceptions->errorHandler(2, 'Attempt to read property "mes" on array', 'C:\\xampp\\htdocs\\validacioncuentas\\app\\Controllers\\Inicio.php', 57)
 2 SYSTEMPATH\CodeIgniter.php(934): App\Controllers\Inicio->index()
 3 SYSTEMPATH\CodeIgniter.php(499): CodeIgniter\CodeIgniter->runController(Object(App\Controllers\Inicio))
 4 SYSTEMPATH\CodeIgniter.php(368): CodeIgniter\CodeIgniter->handleRequest(null, Object(Config\Cache), false)
 5 FCPATH\index.php(30): CodeIgniter\CodeIgniter->run()
CRITICAL - 2025-03-16 11:28:12 --> Undefined array key "mes"
in APPPATH\Controllers\Inicio.php on line 57.
 1 APPPATH\Controllers\Inicio.php(57): CodeIgniter\Debug\Exceptions->errorHandler(2, 'Undefined array key "mes"', 'C:\\xampp\\htdocs\\validacioncuentas\\app\\Controllers\\Inicio.php', 57)
 2 SYSTEMPATH\CodeIgniter.php(934): App\Controllers\Inicio->index()
 3 SYSTEMPATH\CodeIgniter.php(499): CodeIgniter\CodeIgniter->runController(Object(App\Controllers\Inicio))
 4 SYSTEMPATH\CodeIgniter.php(368): CodeIgniter\CodeIgniter->handleRequest(null, Object(Config\Cache), false)
 5 FCPATH\index.php(30): CodeIgniter\CodeIgniter->run()
CRITICAL - 2025-03-16 11:28:48 --> Cannot use object of type stdClass as array
in APPPATH\Controllers\Inicio.php on line 63.
 1 SYSTEMPATH\CodeIgniter.php(934): App\Controllers\Inicio->index()
 2 SYSTEMPATH\CodeIgniter.php(499): CodeIgniter\CodeIgniter->runController(Object(App\Controllers\Inicio))
 3 SYSTEMPATH\CodeIgniter.php(368): CodeIgniter\CodeIgniter->handleRequest(null, Object(Config\Cache), false)
 4 FCPATH\index.php(30): CodeIgniter\CodeIgniter->run()
CRITICAL - 2025-03-16 11:41:09 --> Array to string conversion
in APPPATH\Controllers\Inicio.php on line 60.
 1 APPPATH\Controllers\Inicio.php(60): CodeIgniter\Debug\Exceptions->errorHandler(2, 'Array to string conversion', 'C:\\xampp\\htdocs\\validacioncuentas\\app\\Controllers\\Inicio.php', 60)
 2 SYSTEMPATH\CodeIgniter.php(934): App\Controllers\Inicio->index()
 3 SYSTEMPATH\CodeIgniter.php(499): CodeIgniter\CodeIgniter->runController(Object(App\Controllers\Inicio))
 4 SYSTEMPATH\CodeIgniter.php(368): CodeIgniter\CodeIgniter->handleRequest(null, Object(Config\Cache), false)
 5 FCPATH\index.php(30): CodeIgniter\CodeIgniter->run()
CRITICAL - 2025-03-16 11:42:00 --> Undefined array key 0
in APPPATH\Controllers\Inicio.php on line 61.
 1 APPPATH\Controllers\Inicio.php(61): CodeIgniter\Debug\Exceptions->errorHandler(2, 'Undefined array key 0', 'C:\\xampp\\htdocs\\validacioncuentas\\app\\Controllers\\Inicio.php', 61)
 2 SYSTEMPATH\CodeIgniter.php(934): App\Controllers\Inicio->index()
 3 SYSTEMPATH\CodeIgniter.php(499): CodeIgniter\CodeIgniter->runController(Object(App\Controllers\Inicio))
 4 SYSTEMPATH\CodeIgniter.php(368): CodeIgniter\CodeIgniter->handleRequest(null, Object(Config\Cache), false)
 5 FCPATH\index.php(30): CodeIgniter\CodeIgniter->run()
CRITICAL - 2025-03-16 11:42:21 --> Undefined array key 0
in APPPATH\Controllers\Inicio.php on line 60.
 1 APPPATH\Controllers\Inicio.php(60): CodeIgniter\Debug\Exceptions->errorHandler(2, 'Undefined array key 0', 'C:\\xampp\\htdocs\\validacioncuentas\\app\\Controllers\\Inicio.php', 60)
 2 SYSTEMPATH\CodeIgniter.php(934): App\Controllers\Inicio->index()
 3 SYSTEMPATH\CodeIgniter.php(499): CodeIgniter\CodeIgniter->runController(Object(App\Controllers\Inicio))
 4 SYSTEMPATH\CodeIgniter.php(368): CodeIgniter\CodeIgniter->handleRequest(null, Object(Config\Cache), false)
 5 FCPATH\index.php(30): CodeIgniter\CodeIgniter->run()
CRITICAL - 2025-03-16 11:43:04 --> Array to string conversion
in APPPATH\Controllers\Inicio.php on line 60.
 1 APPPATH\Controllers\Inicio.php(60): CodeIgniter\Debug\Exceptions->errorHandler(2, 'Array to string conversion', 'C:\\xampp\\htdocs\\validacioncuentas\\app\\Controllers\\Inicio.php', 60)
 2 SYSTEMPATH\CodeIgniter.php(934): App\Controllers\Inicio->index()
 3 SYSTEMPATH\CodeIgniter.php(499): CodeIgniter\CodeIgniter->runController(Object(App\Controllers\Inicio))
 4 SYSTEMPATH\CodeIgniter.php(368): CodeIgniter\CodeIgniter->handleRequest(null, Object(Config\Cache), false)
 5 FCPATH\index.php(30): CodeIgniter\CodeIgniter->run()
CRITICAL - 2025-03-16 11:43:14 --> Undefined array key 0
in APPPATH\Controllers\Inicio.php on line 60.
 1 APPPATH\Controllers\Inicio.php(60): CodeIgniter\Debug\Exceptions->errorHandler(2, 'Undefined array key 0', 'C:\\xampp\\htdocs\\validacioncuentas\\app\\Controllers\\Inicio.php', 60)
 2 SYSTEMPATH\CodeIgniter.php(934): App\Controllers\Inicio->index()
 3 SYSTEMPATH\CodeIgniter.php(499): CodeIgniter\CodeIgniter->runController(Object(App\Controllers\Inicio))
 4 SYSTEMPATH\CodeIgniter.php(368): CodeIgniter\CodeIgniter->handleRequest(null, Object(Config\Cache), false)
 5 FCPATH\index.php(30): CodeIgniter\CodeIgniter->run()
CRITICAL - 2025-03-16 11:43:25 --> Undefined array key 0
in APPPATH\Controllers\Inicio.php on line 60.
 1 APPPATH\Controllers\Inicio.php(60): CodeIgniter\Debug\Exceptions->errorHandler(2, 'Undefined array key 0', 'C:\\xampp\\htdocs\\validacioncuentas\\app\\Controllers\\Inicio.php', 60)
 2 SYSTEMPATH\CodeIgniter.php(934): App\Controllers\Inicio->index()
 3 SYSTEMPATH\CodeIgniter.php(499): CodeIgniter\CodeIgniter->runController(Object(App\Controllers\Inicio))
 4 SYSTEMPATH\CodeIgniter.php(368): CodeIgniter\CodeIgniter->handleRequest(null, Object(Config\Cache), false)
 5 FCPATH\index.php(30): CodeIgniter\CodeIgniter->run()
CRITICAL - 2025-03-16 12:18:14 --> Array to string conversion
in APPPATH\Controllers\Inicio.php on line 102.
 1 APPPATH\Controllers\Inicio.php(102): CodeIgniter\Debug\Exceptions->errorHandler(2, 'Array to string conversion', 'C:\\xampp\\htdocs\\validacioncuentas\\app\\Controllers\\Inicio.php', 102)
 2 SYSTEMPATH\CodeIgniter.php(934): App\Controllers\Inicio->index()
 3 SYSTEMPATH\CodeIgniter.php(499): CodeIgniter\CodeIgniter->runController(Object(App\Controllers\Inicio))
 4 SYSTEMPATH\CodeIgniter.php(368): CodeIgniter\CodeIgniter->handleRequest(null, Object(Config\Cache), false)
 5 FCPATH\index.php(30): CodeIgniter\CodeIgniter->run()
CRITICAL - 2025-03-16 12:18:28 --> Undefined array key 0
in APPPATH\Controllers\Inicio.php on line 102.
 1 APPPATH\Controllers\Inicio.php(102): CodeIgniter\Debug\Exceptions->errorHandler(2, 'Undefined array key 0', 'C:\\xampp\\htdocs\\validacioncuentas\\app\\Controllers\\Inicio.php', 102)
 2 SYSTEMPATH\CodeIgniter.php(934): App\Controllers\Inicio->index()
 3 SYSTEMPATH\CodeIgniter.php(499): CodeIgniter\CodeIgniter->runController(Object(App\Controllers\Inicio))
 4 SYSTEMPATH\CodeIgniter.php(368): CodeIgniter\CodeIgniter->handleRequest(null, Object(Config\Cache), false)
 5 FCPATH\index.php(30): CodeIgniter\CodeIgniter->run()
CRITICAL - 2025-03-16 12:23:20 --> Undefined variable $labelmeses
in APPPATH\Controllers\Inicio.php on line 125.
 1 APPPATH\Controllers\Inicio.php(125): CodeIgniter\Debug\Exceptions->errorHandler(2, 'Undefined variable $labelmeses', 'C:\\xampp\\htdocs\\validacioncuentas\\app\\Controllers\\Inicio.php', 125)
 2 SYSTEMPATH\CodeIgniter.php(934): App\Controllers\Inicio->index()
 3 SYSTEMPATH\CodeIgniter.php(499): CodeIgniter\CodeIgniter->runController(Object(App\Controllers\Inicio))
 4 SYSTEMPATH\CodeIgniter.php(368): CodeIgniter\CodeIgniter->handleRequest(null, Object(Config\Cache), false)
 5 FCPATH\index.php(30): CodeIgniter\CodeIgniter->run()
CRITICAL - 2025-03-16 12:27:17 --> Undefined array key 0
in APPPATH\Controllers\Inicio.php on line 112.
 1 APPPATH\Controllers\Inicio.php(112): CodeIgniter\Debug\Exceptions->errorHandler(2, 'Undefined array key 0', 'C:\\xampp\\htdocs\\validacioncuentas\\app\\Controllers\\Inicio.php', 112)
 2 SYSTEMPATH\CodeIgniter.php(934): App\Controllers\Inicio->index()
 3 SYSTEMPATH\CodeIgniter.php(499): CodeIgniter\CodeIgniter->runController(Object(App\Controllers\Inicio))
 4 SYSTEMPATH\CodeIgniter.php(368): CodeIgniter\CodeIgniter->handleRequest(null, Object(Config\Cache), false)
 5 FCPATH\index.php(30): CodeIgniter\CodeIgniter->run()
CRITICAL - 2025-03-16 12:27:23 --> Array to string conversion
in APPPATH\Controllers\Inicio.php on line 112.
 1 APPPATH\Controllers\Inicio.php(112): CodeIgniter\Debug\Exceptions->errorHandler(2, 'Array to string conversion', 'C:\\xampp\\htdocs\\validacioncuentas\\app\\Controllers\\Inicio.php', 112)
 2 SYSTEMPATH\CodeIgniter.php(934): App\Controllers\Inicio->index()
 3 SYSTEMPATH\CodeIgniter.php(499): CodeIgniter\CodeIgniter->runController(Object(App\Controllers\Inicio))
 4 SYSTEMPATH\CodeIgniter.php(368): CodeIgniter\CodeIgniter->handleRequest(null, Object(Config\Cache), false)
 5 FCPATH\index.php(30): CodeIgniter\CodeIgniter->run()
CRITICAL - 2025-03-16 12:29:04 --> Array to string conversion
in APPPATH\Controllers\Inicio.php on line 78.
 1 APPPATH\Controllers\Inicio.php(78): CodeIgniter\Debug\Exceptions->errorHandler(2, 'Array to string conversion', 'C:\\xampp\\htdocs\\validacioncuentas\\app\\Controllers\\Inicio.php', 78)
 2 SYSTEMPATH\CodeIgniter.php(934): App\Controllers\Inicio->index()
 3 SYSTEMPATH\CodeIgniter.php(499): CodeIgniter\CodeIgniter->runController(Object(App\Controllers\Inicio))
 4 SYSTEMPATH\CodeIgniter.php(368): CodeIgniter\CodeIgniter->handleRequest(null, Object(Config\Cache), false)
 5 FCPATH\index.php(30): CodeIgniter\CodeIgniter->run()
CRITICAL - 2025-03-16 15:32:42 --> Array to string conversion
in APPPATH\Controllers\Inicio.php on line 87.
 1 APPPATH\Controllers\Inicio.php(87): CodeIgniter\Debug\Exceptions->errorHandler(2, 'Array to string conversion', 'C:\\xampp\\htdocs\\validacioncuentas\\app\\Controllers\\Inicio.php', 87)
 2 SYSTEMPATH\CodeIgniter.php(934): App\Controllers\Inicio->index()
 3 SYSTEMPATH\CodeIgniter.php(499): CodeIgniter\CodeIgniter->runController(Object(App\Controllers\Inicio))
 4 SYSTEMPATH\CodeIgniter.php(368): CodeIgniter\CodeIgniter->handleRequest(null, Object(Config\Cache), false)
 5 FCPATH\index.php(30): CodeIgniter\CodeIgniter->run()
CRITICAL - 2025-03-16 15:34:16 --> Array to string conversion
in APPPATH\Controllers\Inicio.php on line 88.
 1 APPPATH\Controllers\Inicio.php(88): CodeIgniter\Debug\Exceptions->errorHandler(2, 'Array to string conversion', 'C:\\xampp\\htdocs\\validacioncuentas\\app\\Controllers\\Inicio.php', 88)
 2 SYSTEMPATH\CodeIgniter.php(934): App\Controllers\Inicio->index()
 3 SYSTEMPATH\CodeIgniter.php(499): CodeIgniter\CodeIgniter->runController(Object(App\Controllers\Inicio))
 4 SYSTEMPATH\CodeIgniter.php(368): CodeIgniter\CodeIgniter->handleRequest(null, Object(Config\Cache), false)
 5 FCPATH\index.php(30): CodeIgniter\CodeIgniter->run()
CRITICAL - 2025-03-16 15:34:25 --> Array to string conversion
in APPPATH\Controllers\Inicio.php on line 88.
 1 APPPATH\Controllers\Inicio.php(88): CodeIgniter\Debug\Exceptions->errorHandler(2, 'Array to string conversion', 'C:\\xampp\\htdocs\\validacioncuentas\\app\\Controllers\\Inicio.php', 88)
 2 SYSTEMPATH\CodeIgniter.php(934): App\Controllers\Inicio->index()
 3 SYSTEMPATH\CodeIgniter.php(499): CodeIgniter\CodeIgniter->runController(Object(App\Controllers\Inicio))
 4 SYSTEMPATH\CodeIgniter.php(368): CodeIgniter\CodeIgniter->handleRequest(null, Object(Config\Cache), false)
 5 FCPATH\index.php(30): CodeIgniter\CodeIgniter->run()
CRITICAL - 2025-03-16 15:36:53 --> Array to string conversion
in APPPATH\Controllers\Inicio.php on line 87.
 1 APPPATH\Controllers\Inicio.php(87): CodeIgniter\Debug\Exceptions->errorHandler(2, 'Array to string conversion', 'C:\\xampp\\htdocs\\validacioncuentas\\app\\Controllers\\Inicio.php', 87)
 2 SYSTEMPATH\CodeIgniter.php(934): App\Controllers\Inicio->index()
 3 SYSTEMPATH\CodeIgniter.php(499): CodeIgniter\CodeIgniter->runController(Object(App\Controllers\Inicio))
 4 SYSTEMPATH\CodeIgniter.php(368): CodeIgniter\CodeIgniter->handleRequest(null, Object(Config\Cache), false)
 5 FCPATH\index.php(30): CodeIgniter\CodeIgniter->run()
CRITICAL - 2025-03-16 17:39:26 --> Class "App\Controllers\personaModelo" not found
in APPPATH\Controllers\Usuarios.php on line 243.
 1 SYSTEMPATH\CodeIgniter.php(934): App\Controllers\Usuarios->updateperfil()
 2 SYSTEMPATH\CodeIgniter.php(499): CodeIgniter\CodeIgniter->runController(Object(App\Controllers\Usuarios))
 3 SYSTEMPATH\CodeIgniter.php(368): CodeIgniter\CodeIgniter->handleRequest(null, Object(Config\Cache), false)
 4 FCPATH\index.php(30): CodeIgniter\CodeIgniter->run()
CRITICAL - 2025-03-16 17:42:52 --> Undefined array key "per_id"
in APPPATH\Controllers\Usuarios.php on line 245.
 1 APPPATH\Controllers\Usuarios.php(245): CodeIgniter\Debug\Exceptions->errorHandler(2, 'Undefined array key "per_id"', 'C:\\xampp\\htdocs\\validacioncuentas\\app\\Controllers\\Usuarios.php', 245)
 2 SYSTEMPATH\CodeIgniter.php(934): App\Controllers\Usuarios->updateperfil()
 3 SYSTEMPATH\CodeIgniter.php(499): CodeIgniter\CodeIgniter->runController(Object(App\Controllers\Usuarios))
 4 SYSTEMPATH\CodeIgniter.php(368): CodeIgniter\CodeIgniter->handleRequest(null, Object(Config\Cache), false)
 5 FCPATH\index.php(30): CodeIgniter\CodeIgniter->run()
CRITICAL - 2025-03-16 17:43:15 --> Undefined array key "per_id"
in APPPATH\Controllers\Usuarios.php on line 245.
 1 APPPATH\Controllers\Usuarios.php(245): CodeIgniter\Debug\Exceptions->errorHandler(2, 'Undefined array key "per_id"', 'C:\\xampp\\htdocs\\validacioncuentas\\app\\Controllers\\Usuarios.php', 245)
 2 SYSTEMPATH\CodeIgniter.php(934): App\Controllers\Usuarios->updateperfil()
 3 SYSTEMPATH\CodeIgniter.php(499): CodeIgniter\CodeIgniter->runController(Object(App\Controllers\Usuarios))
 4 SYSTEMPATH\CodeIgniter.php(368): CodeIgniter\CodeIgniter->handleRequest(null, Object(Config\Cache), false)
 5 FCPATH\index.php(30): CodeIgniter\CodeIgniter->run()
