CRITICAL - 2025-01-22 03:47:29 --> Undefined variable $items
in APPPATH\Views\gestionar\tipopersona\index.php on line 29.
 1 APPPATH\Views\gestionar\tipopersona\index.php(29): CodeIgniter\Debug\Exceptions->errorHandler(2, 'Undefined variable $items', 'C:\\xampp\\htdocs\\validacioncuentas\\app\\Views\\gestionar\\tipopersona\\index.php', 29)
 2 SYSTEMPATH\View\View.php(213): include('C:\\xampp\\htdocs\\validacioncuentas\\app\\Views\\gestionar\\tipopersona\\index.php')
 3 SYSTEMPATH\View\View.php(216): CodeIgniter\View\View->CodeIgniter\View\{closure}()
 4 SYSTEMPATH\Common.php(1184): CodeIgniter\View\View->render('gestionar/tipopersona/index', [], true)
 5 APPPATH\Controllers\Tipopersona.php(17): view('gestionar/tipopersona/index', [...])
 6 SYSTEMPATH\CodeIgniter.php(934): App\Controllers\Tipopersona->index()
 7 SYSTEMPATH\CodeIgniter.php(499): CodeIgniter\CodeIgniter->runController(Object(App\Controllers\Tipopersona))
 8 SYSTEMPATH\CodeIgniter.php(368): CodeIgniter\CodeIgniter->handleRequest(null, Object(Config\Cache), false)
 9 FCPATH\index.php(30): CodeIgniter\CodeIgniter->run()
CRITICAL - 2025-01-22 03:52:32 --> Undefined variable $app
in APPPATH\Views\gestionar\tipopersona\add.php on line 19.
 1 APPPATH\Views\gestionar\tipopersona\add.php(19): CodeIgniter\Debug\Exceptions->errorHandler(2, 'Undefined variable $app', 'C:\\xampp\\htdocs\\validacioncuentas\\app\\Views\\gestionar\\tipopersona\\add.php', 19)
 2 SYSTEMPATH\View\View.php(213): include('C:\\xampp\\htdocs\\validacioncuentas\\app\\Views\\gestionar\\tipopersona\\add.php')
 3 SYSTEMPATH\View\View.php(216): CodeIgniter\View\View->CodeIgniter\View\{closure}()
 4 SYSTEMPATH\Common.php(1184): CodeIgniter\View\View->render('gestionar/tipopersona/add', [], true)
 5 APPPATH\Controllers\Tipopersona.php(31): view('gestionar/tipopersona/add', [...])
 6 SYSTEMPATH\CodeIgniter.php(934): App\Controllers\Tipopersona->add()
 7 SYSTEMPATH\CodeIgniter.php(499): CodeIgniter\CodeIgniter->runController(Object(App\Controllers\Tipopersona))
 8 SYSTEMPATH\CodeIgniter.php(368): CodeIgniter\CodeIgniter->handleRequest(null, Object(Config\Cache), false)
 9 FCPATH\index.php(30): CodeIgniter\CodeIgniter->run()
CRITICAL - 2025-01-22 04:10:53 --> Call to undefined function form_open()
in APPPATH\Views\gestionar\tipopersona\add.php on line 5.
 1 SYSTEMPATH\View\View.php(213): include()
 2 SYSTEMPATH\View\View.php(216): CodeIgniter\View\View->CodeIgniter\View\{closure}()
 3 SYSTEMPATH\Common.php(1184): CodeIgniter\View\View->render('gestionar/tipopersona/add', [], true)
 4 APPPATH\Controllers\Tipopersona.php(31): view('gestionar/tipopersona/add', [...])
 5 SYSTEMPATH\CodeIgniter.php(934): App\Controllers\Tipopersona->add()
 6 SYSTEMPATH\CodeIgniter.php(499): CodeIgniter\CodeIgniter->runController(Object(App\Controllers\Tipopersona))
 7 SYSTEMPATH\CodeIgniter.php(368): CodeIgniter\CodeIgniter->handleRequest(null, Object(Config\Cache), false)
 8 FCPATH\index.php(30): CodeIgniter\CodeIgniter->run()
CRITICAL - 2025-01-22 04:11:48 --> Call to undefined function validate()
in APPPATH\Views\gestionar\tipopersona\add.php on line 20.
 1 SYSTEMPATH\View\View.php(213): include()
 2 SYSTEMPATH\View\View.php(216): CodeIgniter\View\View->CodeIgniter\View\{closure}()
 3 SYSTEMPATH\Common.php(1184): CodeIgniter\View\View->render('gestionar/tipopersona/add', [], true)
 4 APPPATH\Controllers\Tipopersona.php(31): view('gestionar/tipopersona/add', [...])
 5 SYSTEMPATH\CodeIgniter.php(934): App\Controllers\Tipopersona->add()
 6 SYSTEMPATH\CodeIgniter.php(499): CodeIgniter\CodeIgniter->runController(Object(App\Controllers\Tipopersona))
 7 SYSTEMPATH\CodeIgniter.php(368): CodeIgniter\CodeIgniter->handleRequest(null, Object(Config\Cache), false)
 8 FCPATH\index.php(30): CodeIgniter\CodeIgniter->run()
