CRITICAL - 2025-02-20 04:14:46 --> strtoupper() expects exactly 1 argument, 4 given
in APPPATH\Controllers\Subirdata.php on line 426.
 1 APPPATH\Controllers\Subirdata.php(426): strtoupper('Admin Admin', 0, 1, 'R')
 2 SYSTEMPATH\CodeIgniter.php(934): App\Controllers\Subirdata->pdf('2')
 3 SYSTEMPATH\CodeIgniter.php(499): CodeIgniter\CodeIgniter->runController(Object(App\Controllers\Subirdata))
 4 SYSTEMPATH\CodeIgniter.php(368): CodeIgniter\CodeIgniter->handleRequest(null, Object(Config\Cache), false)
 5 FCPATH\index.php(30): CodeIgniter\CodeIgniter->run()
CRITICAL - 2025-02-20 04:48:16 --> Call to undefined method App\Controllers\Generardata::Ln()
in APPPATH\Controllers\Generardata.php on line 1005.
 1 SYSTEMPATH\CodeIgniter.php(934): App\Controllers\Generardata->pdfdescargar('4')
 2 SYSTEMPATH\CodeIgniter.php(499): CodeIgniter\CodeIgniter->runController(Object(App\Controllers\Generardata))
 3 SYSTEMPATH\CodeIgniter.php(368): CodeIgniter\CodeIgniter->handleRequest(null, Object(Config\Cache), false)
 4 FCPATH\index.php(30): CodeIgniter\CodeIgniter->run()
CRITICAL - 2025-02-20 05:03:46 --> Undefined variable $c
in APPPATH\Controllers\Generardata.php on line 1034.
 1 APPPATH\Controllers\Generardata.php(1034): CodeIgniter\Debug\Exceptions->errorHandler(2, 'Undefined variable $c', 'C:\\xampp\\htdocs\\validacioncuentas\\app\\Controllers\\Generardata.php', 1034)
 2 SYSTEMPATH\CodeIgniter.php(934): App\Controllers\Generardata->pdfdescargar('1')
 3 SYSTEMPATH\CodeIgniter.php(499): CodeIgniter\CodeIgniter->runController(Object(App\Controllers\Generardata))
 4 SYSTEMPATH\CodeIgniter.php(368): CodeIgniter\CodeIgniter->handleRequest(null, Object(Config\Cache), false)
 5 FCPATH\index.php(30): CodeIgniter\CodeIgniter->run()
