ERROR - 2025-03-01 04:36:34 --> mysqli_sql_exception: You have an error in your SQL syntax; check the manual that corresponds to your MariaDB server version for the right syntax to use near '' at line 2 in C:\xampp\htdocs\validacioncuentas\system\Database\MySQLi\Connection.php:295
Stack trace:
#0 C:\xampp\htdocs\validacioncuentas\system\Database\MySQLi\Connection.php(295): mysqli->query('INSERT INTO dat...', 0)
#1 C:\xampp\htdocs\validacioncuentas\system\Database\BaseConnection.php(691): CodeIgniter\Database\MySQLi\Connection->execute('INSERT INTO dat...')
#2 C:\xampp\htdocs\validacioncuentas\system\Database\BaseConnection.php(605): CodeIgniter\Database\BaseConnection->simpleQuery('INSERT INTO dat...')
#3 C:\xampp\htdocs\validacioncuentas\system\Model.php(836): CodeIgniter\Database\BaseConnection->query('INSERT INTO dat...')
#4 C:\xampp\htdocs\validacioncuentas\app\Models\datosModelo.php(47): CodeIgniter\Model->__call('query', Array)
#5 C:\xampp\htdocs\validacioncuentas\app\Controllers\Generardata.php(706): App\Models\datosModelo->insertarDatosGenerados('', '3')
#6 C:\xampp\htdocs\validacioncuentas\system\CodeIgniter.php(934): App\Controllers\Generardata->guardararchivo()
#7 C:\xampp\htdocs\validacioncuentas\system\CodeIgniter.php(499): CodeIgniter\CodeIgniter->runController(Object(App\Controllers\Generardata))
#8 C:\xampp\htdocs\validacioncuentas\system\CodeIgniter.php(368): CodeIgniter\CodeIgniter->handleRequest(NULL, Object(Config\Cache), false)
#9 C:\xampp\htdocs\validacioncuentas\index.php(30): CodeIgniter\CodeIgniter->run()
#10 {main}
CRITICAL - 2025-03-01 04:36:34 --> You have an error in your SQL syntax; check the manual that corresponds to your MariaDB server version for the right syntax to use near '' at line 2
in SYSTEMPATH\Database\MySQLi\Connection.php on line 295.
 1 SYSTEMPATH\Database\MySQLi\Connection.php(295): mysqli->query('INSERT INTO datos(dat_codigo,dat_dni,dat_nombres,dat_apellidos,dat_nombres_completos,dat_email,dat_celular,dat_correo_personal,dat_facultad,dat_escuela,dat_sede,
            dat_clave,dat_estado,dat_ultimo_acceso,dat_espacio_uso,dat_origen,dat_arc_id,dat_usu_id) VALUES ', 0)
 2 SYSTEMPATH\Database\BaseConnection.php(691): CodeIgniter\Database\MySQLi\Connection->execute('INSERT INTO datos(dat_codigo,dat_dni,dat_nombres,dat_apellidos,dat_nombres_completos,dat_email,dat_celular,dat_correo_personal,dat_facultad,dat_escuela,dat_sede,
            dat_clave,dat_estado,dat_ultimo_acceso,dat_espacio_uso,dat_origen,dat_arc_id,dat_usu_id) VALUES ')
 3 SYSTEMPATH\Database\BaseConnection.php(605): CodeIgniter\Database\BaseConnection->simpleQuery('INSERT INTO datos(dat_codigo,dat_dni,dat_nombres,dat_apellidos,dat_nombres_completos,dat_email,dat_celular,dat_correo_personal,dat_facultad,dat_escuela,dat_sede,
            dat_clave,dat_estado,dat_ultimo_acceso,dat_espacio_uso,dat_origen,dat_arc_id,dat_usu_id) VALUES ')
 4 SYSTEMPATH\Model.php(836): CodeIgniter\Database\BaseConnection->query('INSERT INTO datos(dat_codigo,dat_dni,dat_nombres,dat_apellidos,dat_nombres_completos,dat_email,dat_celular,dat_correo_personal,dat_facultad,dat_escuela,dat_sede,
            dat_clave,dat_estado,dat_ultimo_acceso,dat_espacio_uso,dat_origen,dat_arc_id,dat_usu_id) VALUES ')
 5 APPPATH\Models\datosModelo.php(47): CodeIgniter\Model->__call('query', [...])
 6 APPPATH\Controllers\Generardata.php(706): App\Models\datosModelo->insertarDatosGenerados('', '3')
 7 SYSTEMPATH\CodeIgniter.php(934): App\Controllers\Generardata->guardararchivo()
 8 SYSTEMPATH\CodeIgniter.php(499): CodeIgniter\CodeIgniter->runController(Object(App\Controllers\Generardata))
 9 SYSTEMPATH\CodeIgniter.php(368): CodeIgniter\CodeIgniter->handleRequest(null, Object(Config\Cache), false)
10 FCPATH\index.php(30): CodeIgniter\CodeIgniter->run()
CRITICAL - 2025-03-01 18:17:00 --> Cannot use object of type stdClass as array
in APPPATH\Views\include\header.php on line 111.
 1 APPPATH\Views\gestionar\empresa\index.php(1): require_once()
 2 SYSTEMPATH\View\View.php(213): include('C:\\xampp\\htdocs\\validacioncuentas\\app\\Views\\gestionar\\empresa\\index.php')
 3 SYSTEMPATH\View\View.php(216): CodeIgniter\View\View->CodeIgniter\View\{closure}()
 4 SYSTEMPATH\Common.php(1184): CodeIgniter\View\View->render('gestionar/empresa/index', [], true)
 5 APPPATH\Controllers\Empresa.php(18): view('gestionar/empresa/index', [...])
 6 SYSTEMPATH\CodeIgniter.php(934): App\Controllers\Empresa->index()
 7 SYSTEMPATH\CodeIgniter.php(499): CodeIgniter\CodeIgniter->runController(Object(App\Controllers\Empresa))
 8 SYSTEMPATH\CodeIgniter.php(368): CodeIgniter\CodeIgniter->handleRequest(null, Object(Config\Cache), false)
 9 FCPATH\index.php(30): CodeIgniter\CodeIgniter->run()
CRITICAL - 2025-03-01 18:17:11 --> Cannot use object of type stdClass as array
in APPPATH\Views\gestionar\empresa\index.php on line 37.
 1 SYSTEMPATH\View\View.php(213): include()
 2 SYSTEMPATH\View\View.php(216): CodeIgniter\View\View->CodeIgniter\View\{closure}()
 3 SYSTEMPATH\Common.php(1184): CodeIgniter\View\View->render('gestionar/empresa/index', [], true)
 4 APPPATH\Controllers\Empresa.php(18): view('gestionar/empresa/index', [...])
 5 SYSTEMPATH\CodeIgniter.php(934): App\Controllers\Empresa->index()
 6 SYSTEMPATH\CodeIgniter.php(499): CodeIgniter\CodeIgniter->runController(Object(App\Controllers\Empresa))
 7 SYSTEMPATH\CodeIgniter.php(368): CodeIgniter\CodeIgniter->handleRequest(null, Object(Config\Cache), false)
 8 FCPATH\index.php(30): CodeIgniter\CodeIgniter->run()
CRITICAL - 2025-03-01 18:18:13 --> Cannot use object of type stdClass as array
in APPPATH\Views\gestionar\empresa\index.php on line 37.
 1 SYSTEMPATH\View\View.php(213): include()
 2 SYSTEMPATH\View\View.php(216): CodeIgniter\View\View->CodeIgniter\View\{closure}()
 3 SYSTEMPATH\Common.php(1184): CodeIgniter\View\View->render('gestionar/empresa/index', [], true)
 4 APPPATH\Controllers\Empresa.php(18): view('gestionar/empresa/index', [...])
 5 SYSTEMPATH\CodeIgniter.php(934): App\Controllers\Empresa->index()
 6 SYSTEMPATH\CodeIgniter.php(499): CodeIgniter\CodeIgniter->runController(Object(App\Controllers\Empresa))
 7 SYSTEMPATH\CodeIgniter.php(368): CodeIgniter\CodeIgniter->handleRequest(null, Object(Config\Cache), false)
 8 FCPATH\index.php(30): CodeIgniter\CodeIgniter->run()
CRITICAL - 2025-03-01 18:18:36 --> Cannot use object of type stdClass as array
in APPPATH\Views\gestionar\empresa\index.php on line 37.
 1 SYSTEMPATH\View\View.php(213): include()
 2 SYSTEMPATH\View\View.php(216): CodeIgniter\View\View->CodeIgniter\View\{closure}()
 3 SYSTEMPATH\Common.php(1184): CodeIgniter\View\View->render('gestionar/empresa/index', [], true)
 4 APPPATH\Controllers\Empresa.php(18): view('gestionar/empresa/index', [...])
 5 SYSTEMPATH\CodeIgniter.php(934): App\Controllers\Empresa->index()
 6 SYSTEMPATH\CodeIgniter.php(499): CodeIgniter\CodeIgniter->runController(Object(App\Controllers\Empresa))
 7 SYSTEMPATH\CodeIgniter.php(368): CodeIgniter\CodeIgniter->handleRequest(null, Object(Config\Cache), false)
 8 FCPATH\index.php(30): CodeIgniter\CodeIgniter->run()
CRITICAL - 2025-03-01 18:20:13 --> Undefined property: stdClass::$arc_nombre
in APPPATH\Views\datos\subirdata\index.php on line 54.
 1 APPPATH\Views\datos\subirdata\index.php(54): CodeIgniter\Debug\Exceptions->errorHandler(2, 'Undefined property: stdClass::$arc_nombre', 'C:\\xampp\\htdocs\\validacioncuentas\\app\\Views\\datos\\subirdata\\index.php', 54)
 2 SYSTEMPATH\View\View.php(213): include('C:\\xampp\\htdocs\\validacioncuentas\\app\\Views\\datos\\subirdata\\index.php')
 3 SYSTEMPATH\View\View.php(216): CodeIgniter\View\View->CodeIgniter\View\{closure}()
 4 SYSTEMPATH\Common.php(1184): CodeIgniter\View\View->render('datos/subirdata/index', [], true)
 5 APPPATH\Controllers\Subirdata.php(20): view('datos/subirdata/index', [...])
 6 SYSTEMPATH\CodeIgniter.php(934): App\Controllers\Subirdata->index()
 7 SYSTEMPATH\CodeIgniter.php(499): CodeIgniter\CodeIgniter->runController(Object(App\Controllers\Subirdata))
 8 SYSTEMPATH\CodeIgniter.php(368): CodeIgniter\CodeIgniter->handleRequest(null, Object(Config\Cache), false)
 9 FCPATH\index.php(30): CodeIgniter\CodeIgniter->run()
CRITICAL - 2025-03-01 18:20:56 --> Undefined property: stdClass::$arc_nombre
in APPPATH\Views\datos\subirdata\index.php on line 54.
 1 APPPATH\Views\datos\subirdata\index.php(54): CodeIgniter\Debug\Exceptions->errorHandler(2, 'Undefined property: stdClass::$arc_nombre', 'C:\\xampp\\htdocs\\validacioncuentas\\app\\Views\\datos\\subirdata\\index.php', 54)
 2 SYSTEMPATH\View\View.php(213): include('C:\\xampp\\htdocs\\validacioncuentas\\app\\Views\\datos\\subirdata\\index.php')
 3 SYSTEMPATH\View\View.php(216): CodeIgniter\View\View->CodeIgniter\View\{closure}()
 4 SYSTEMPATH\Common.php(1184): CodeIgniter\View\View->render('datos/subirdata/index', [], true)
 5 APPPATH\Controllers\Subirdata.php(20): view('datos/subirdata/index', [...])
 6 SYSTEMPATH\CodeIgniter.php(934): App\Controllers\Subirdata->index()
 7 SYSTEMPATH\CodeIgniter.php(499): CodeIgniter\CodeIgniter->runController(Object(App\Controllers\Subirdata))
 8 SYSTEMPATH\CodeIgniter.php(368): CodeIgniter\CodeIgniter->handleRequest(null, Object(Config\Cache), false)
 9 FCPATH\index.php(30): CodeIgniter\CodeIgniter->run()
CRITICAL - 2025-03-01 18:20:57 --> Undefined property: stdClass::$arc_nombre
in APPPATH\Views\datos\subirdata\index.php on line 54.
 1 APPPATH\Views\datos\subirdata\index.php(54): CodeIgniter\Debug\Exceptions->errorHandler(2, 'Undefined property: stdClass::$arc_nombre', 'C:\\xampp\\htdocs\\validacioncuentas\\app\\Views\\datos\\subirdata\\index.php', 54)
 2 SYSTEMPATH\View\View.php(213): include('C:\\xampp\\htdocs\\validacioncuentas\\app\\Views\\datos\\subirdata\\index.php')
 3 SYSTEMPATH\View\View.php(216): CodeIgniter\View\View->CodeIgniter\View\{closure}()
 4 SYSTEMPATH\Common.php(1184): CodeIgniter\View\View->render('datos/subirdata/index', [], true)
 5 APPPATH\Controllers\Subirdata.php(20): view('datos/subirdata/index', [...])
 6 SYSTEMPATH\CodeIgniter.php(934): App\Controllers\Subirdata->index()
 7 SYSTEMPATH\CodeIgniter.php(499): CodeIgniter\CodeIgniter->runController(Object(App\Controllers\Subirdata))
 8 SYSTEMPATH\CodeIgniter.php(368): CodeIgniter\CodeIgniter->handleRequest(null, Object(Config\Cache), false)
 9 FCPATH\index.php(30): CodeIgniter\CodeIgniter->run()
CRITICAL - 2025-03-01 18:20:58 --> Undefined property: stdClass::$arc_nombre
in APPPATH\Views\datos\subirdata\index.php on line 54.
 1 APPPATH\Views\datos\subirdata\index.php(54): CodeIgniter\Debug\Exceptions->errorHandler(2, 'Undefined property: stdClass::$arc_nombre', 'C:\\xampp\\htdocs\\validacioncuentas\\app\\Views\\datos\\subirdata\\index.php', 54)
 2 SYSTEMPATH\View\View.php(213): include('C:\\xampp\\htdocs\\validacioncuentas\\app\\Views\\datos\\subirdata\\index.php')
 3 SYSTEMPATH\View\View.php(216): CodeIgniter\View\View->CodeIgniter\View\{closure}()
 4 SYSTEMPATH\Common.php(1184): CodeIgniter\View\View->render('datos/subirdata/index', [], true)
 5 APPPATH\Controllers\Subirdata.php(20): view('datos/subirdata/index', [...])
 6 SYSTEMPATH\CodeIgniter.php(934): App\Controllers\Subirdata->index()
 7 SYSTEMPATH\CodeIgniter.php(499): CodeIgniter\CodeIgniter->runController(Object(App\Controllers\Subirdata))
 8 SYSTEMPATH\CodeIgniter.php(368): CodeIgniter\CodeIgniter->handleRequest(null, Object(Config\Cache), false)
 9 FCPATH\index.php(30): CodeIgniter\CodeIgniter->run()
CRITICAL - 2025-03-01 18:20:59 --> Undefined property: stdClass::$arc_nombre
in APPPATH\Views\datos\subirdata\index.php on line 54.
 1 APPPATH\Views\datos\subirdata\index.php(54): CodeIgniter\Debug\Exceptions->errorHandler(2, 'Undefined property: stdClass::$arc_nombre', 'C:\\xampp\\htdocs\\validacioncuentas\\app\\Views\\datos\\subirdata\\index.php', 54)
 2 SYSTEMPATH\View\View.php(213): include('C:\\xampp\\htdocs\\validacioncuentas\\app\\Views\\datos\\subirdata\\index.php')
 3 SYSTEMPATH\View\View.php(216): CodeIgniter\View\View->CodeIgniter\View\{closure}()
 4 SYSTEMPATH\Common.php(1184): CodeIgniter\View\View->render('datos/subirdata/index', [], true)
 5 APPPATH\Controllers\Subirdata.php(20): view('datos/subirdata/index', [...])
 6 SYSTEMPATH\CodeIgniter.php(934): App\Controllers\Subirdata->index()
 7 SYSTEMPATH\CodeIgniter.php(499): CodeIgniter\CodeIgniter->runController(Object(App\Controllers\Subirdata))
 8 SYSTEMPATH\CodeIgniter.php(368): CodeIgniter\CodeIgniter->handleRequest(null, Object(Config\Cache), false)
 9 FCPATH\index.php(30): CodeIgniter\CodeIgniter->run()
CRITICAL - 2025-03-01 18:20:59 --> Undefined property: stdClass::$arc_nombre
in APPPATH\Views\datos\subirdata\index.php on line 54.
 1 APPPATH\Views\datos\subirdata\index.php(54): CodeIgniter\Debug\Exceptions->errorHandler(2, 'Undefined property: stdClass::$arc_nombre', 'C:\\xampp\\htdocs\\validacioncuentas\\app\\Views\\datos\\subirdata\\index.php', 54)
 2 SYSTEMPATH\View\View.php(213): include('C:\\xampp\\htdocs\\validacioncuentas\\app\\Views\\datos\\subirdata\\index.php')
 3 SYSTEMPATH\View\View.php(216): CodeIgniter\View\View->CodeIgniter\View\{closure}()
 4 SYSTEMPATH\Common.php(1184): CodeIgniter\View\View->render('datos/subirdata/index', [], true)
 5 APPPATH\Controllers\Subirdata.php(20): view('datos/subirdata/index', [...])
 6 SYSTEMPATH\CodeIgniter.php(934): App\Controllers\Subirdata->index()
 7 SYSTEMPATH\CodeIgniter.php(499): CodeIgniter\CodeIgniter->runController(Object(App\Controllers\Subirdata))
 8 SYSTEMPATH\CodeIgniter.php(368): CodeIgniter\CodeIgniter->handleRequest(null, Object(Config\Cache), false)
 9 FCPATH\index.php(30): CodeIgniter\CodeIgniter->run()
CRITICAL - 2025-03-01 18:20:59 --> Undefined property: stdClass::$arc_nombre
in APPPATH\Views\datos\subirdata\index.php on line 54.
 1 APPPATH\Views\datos\subirdata\index.php(54): CodeIgniter\Debug\Exceptions->errorHandler(2, 'Undefined property: stdClass::$arc_nombre', 'C:\\xampp\\htdocs\\validacioncuentas\\app\\Views\\datos\\subirdata\\index.php', 54)
 2 SYSTEMPATH\View\View.php(213): include('C:\\xampp\\htdocs\\validacioncuentas\\app\\Views\\datos\\subirdata\\index.php')
 3 SYSTEMPATH\View\View.php(216): CodeIgniter\View\View->CodeIgniter\View\{closure}()
 4 SYSTEMPATH\Common.php(1184): CodeIgniter\View\View->render('datos/subirdata/index', [], true)
 5 APPPATH\Controllers\Subirdata.php(20): view('datos/subirdata/index', [...])
 6 SYSTEMPATH\CodeIgniter.php(934): App\Controllers\Subirdata->index()
 7 SYSTEMPATH\CodeIgniter.php(499): CodeIgniter\CodeIgniter->runController(Object(App\Controllers\Subirdata))
 8 SYSTEMPATH\CodeIgniter.php(368): CodeIgniter\CodeIgniter->handleRequest(null, Object(Config\Cache), false)
 9 FCPATH\index.php(30): CodeIgniter\CodeIgniter->run()
CRITICAL - 2025-03-01 18:20:59 --> Undefined property: stdClass::$arc_nombre
in APPPATH\Views\datos\subirdata\index.php on line 54.
 1 APPPATH\Views\datos\subirdata\index.php(54): CodeIgniter\Debug\Exceptions->errorHandler(2, 'Undefined property: stdClass::$arc_nombre', 'C:\\xampp\\htdocs\\validacioncuentas\\app\\Views\\datos\\subirdata\\index.php', 54)
 2 SYSTEMPATH\View\View.php(213): include('C:\\xampp\\htdocs\\validacioncuentas\\app\\Views\\datos\\subirdata\\index.php')
 3 SYSTEMPATH\View\View.php(216): CodeIgniter\View\View->CodeIgniter\View\{closure}()
 4 SYSTEMPATH\Common.php(1184): CodeIgniter\View\View->render('datos/subirdata/index', [], true)
 5 APPPATH\Controllers\Subirdata.php(20): view('datos/subirdata/index', [...])
 6 SYSTEMPATH\CodeIgniter.php(934): App\Controllers\Subirdata->index()
 7 SYSTEMPATH\CodeIgniter.php(499): CodeIgniter\CodeIgniter->runController(Object(App\Controllers\Subirdata))
 8 SYSTEMPATH\CodeIgniter.php(368): CodeIgniter\CodeIgniter->handleRequest(null, Object(Config\Cache), false)
 9 FCPATH\index.php(30): CodeIgniter\CodeIgniter->run()
CRITICAL - 2025-03-01 18:20:59 --> Undefined property: stdClass::$arc_nombre
in APPPATH\Views\datos\subirdata\index.php on line 54.
 1 APPPATH\Views\datos\subirdata\index.php(54): CodeIgniter\Debug\Exceptions->errorHandler(2, 'Undefined property: stdClass::$arc_nombre', 'C:\\xampp\\htdocs\\validacioncuentas\\app\\Views\\datos\\subirdata\\index.php', 54)
 2 SYSTEMPATH\View\View.php(213): include('C:\\xampp\\htdocs\\validacioncuentas\\app\\Views\\datos\\subirdata\\index.php')
 3 SYSTEMPATH\View\View.php(216): CodeIgniter\View\View->CodeIgniter\View\{closure}()
 4 SYSTEMPATH\Common.php(1184): CodeIgniter\View\View->render('datos/subirdata/index', [], true)
 5 APPPATH\Controllers\Subirdata.php(20): view('datos/subirdata/index', [...])
 6 SYSTEMPATH\CodeIgniter.php(934): App\Controllers\Subirdata->index()
 7 SYSTEMPATH\CodeIgniter.php(499): CodeIgniter\CodeIgniter->runController(Object(App\Controllers\Subirdata))
 8 SYSTEMPATH\CodeIgniter.php(368): CodeIgniter\CodeIgniter->handleRequest(null, Object(Config\Cache), false)
 9 FCPATH\index.php(30): CodeIgniter\CodeIgniter->run()
CRITICAL - 2025-03-01 18:21:00 --> Undefined property: stdClass::$arc_nombre
in APPPATH\Views\datos\subirdata\index.php on line 54.
 1 APPPATH\Views\datos\subirdata\index.php(54): CodeIgniter\Debug\Exceptions->errorHandler(2, 'Undefined property: stdClass::$arc_nombre', 'C:\\xampp\\htdocs\\validacioncuentas\\app\\Views\\datos\\subirdata\\index.php', 54)
 2 SYSTEMPATH\View\View.php(213): include('C:\\xampp\\htdocs\\validacioncuentas\\app\\Views\\datos\\subirdata\\index.php')
 3 SYSTEMPATH\View\View.php(216): CodeIgniter\View\View->CodeIgniter\View\{closure}()
 4 SYSTEMPATH\Common.php(1184): CodeIgniter\View\View->render('datos/subirdata/index', [], true)
 5 APPPATH\Controllers\Subirdata.php(20): view('datos/subirdata/index', [...])
 6 SYSTEMPATH\CodeIgniter.php(934): App\Controllers\Subirdata->index()
 7 SYSTEMPATH\CodeIgniter.php(499): CodeIgniter\CodeIgniter->runController(Object(App\Controllers\Subirdata))
 8 SYSTEMPATH\CodeIgniter.php(368): CodeIgniter\CodeIgniter->handleRequest(null, Object(Config\Cache), false)
 9 FCPATH\index.php(30): CodeIgniter\CodeIgniter->run()
CRITICAL - 2025-03-01 18:21:00 --> Undefined property: stdClass::$arc_nombre
in APPPATH\Views\datos\subirdata\index.php on line 54.
 1 APPPATH\Views\datos\subirdata\index.php(54): CodeIgniter\Debug\Exceptions->errorHandler(2, 'Undefined property: stdClass::$arc_nombre', 'C:\\xampp\\htdocs\\validacioncuentas\\app\\Views\\datos\\subirdata\\index.php', 54)
 2 SYSTEMPATH\View\View.php(213): include('C:\\xampp\\htdocs\\validacioncuentas\\app\\Views\\datos\\subirdata\\index.php')
 3 SYSTEMPATH\View\View.php(216): CodeIgniter\View\View->CodeIgniter\View\{closure}()
 4 SYSTEMPATH\Common.php(1184): CodeIgniter\View\View->render('datos/subirdata/index', [], true)
 5 APPPATH\Controllers\Subirdata.php(20): view('datos/subirdata/index', [...])
 6 SYSTEMPATH\CodeIgniter.php(934): App\Controllers\Subirdata->index()
 7 SYSTEMPATH\CodeIgniter.php(499): CodeIgniter\CodeIgniter->runController(Object(App\Controllers\Subirdata))
 8 SYSTEMPATH\CodeIgniter.php(368): CodeIgniter\CodeIgniter->handleRequest(null, Object(Config\Cache), false)
 9 FCPATH\index.php(30): CodeIgniter\CodeIgniter->run()
CRITICAL - 2025-03-01 18:21:00 --> Undefined property: stdClass::$arc_nombre
in APPPATH\Views\datos\subirdata\index.php on line 54.
 1 APPPATH\Views\datos\subirdata\index.php(54): CodeIgniter\Debug\Exceptions->errorHandler(2, 'Undefined property: stdClass::$arc_nombre', 'C:\\xampp\\htdocs\\validacioncuentas\\app\\Views\\datos\\subirdata\\index.php', 54)
 2 SYSTEMPATH\View\View.php(213): include('C:\\xampp\\htdocs\\validacioncuentas\\app\\Views\\datos\\subirdata\\index.php')
 3 SYSTEMPATH\View\View.php(216): CodeIgniter\View\View->CodeIgniter\View\{closure}()
 4 SYSTEMPATH\Common.php(1184): CodeIgniter\View\View->render('datos/subirdata/index', [], true)
 5 APPPATH\Controllers\Subirdata.php(20): view('datos/subirdata/index', [...])
 6 SYSTEMPATH\CodeIgniter.php(934): App\Controllers\Subirdata->index()
 7 SYSTEMPATH\CodeIgniter.php(499): CodeIgniter\CodeIgniter->runController(Object(App\Controllers\Subirdata))
 8 SYSTEMPATH\CodeIgniter.php(368): CodeIgniter\CodeIgniter->handleRequest(null, Object(Config\Cache), false)
 9 FCPATH\index.php(30): CodeIgniter\CodeIgniter->run()
CRITICAL - 2025-03-01 18:21:00 --> Undefined property: stdClass::$arc_nombre
in APPPATH\Views\datos\subirdata\index.php on line 54.
 1 APPPATH\Views\datos\subirdata\index.php(54): CodeIgniter\Debug\Exceptions->errorHandler(2, 'Undefined property: stdClass::$arc_nombre', 'C:\\xampp\\htdocs\\validacioncuentas\\app\\Views\\datos\\subirdata\\index.php', 54)
 2 SYSTEMPATH\View\View.php(213): include('C:\\xampp\\htdocs\\validacioncuentas\\app\\Views\\datos\\subirdata\\index.php')
 3 SYSTEMPATH\View\View.php(216): CodeIgniter\View\View->CodeIgniter\View\{closure}()
 4 SYSTEMPATH\Common.php(1184): CodeIgniter\View\View->render('datos/subirdata/index', [], true)
 5 APPPATH\Controllers\Subirdata.php(20): view('datos/subirdata/index', [...])
 6 SYSTEMPATH\CodeIgniter.php(934): App\Controllers\Subirdata->index()
 7 SYSTEMPATH\CodeIgniter.php(499): CodeIgniter\CodeIgniter->runController(Object(App\Controllers\Subirdata))
 8 SYSTEMPATH\CodeIgniter.php(368): CodeIgniter\CodeIgniter->handleRequest(null, Object(Config\Cache), false)
 9 FCPATH\index.php(30): CodeIgniter\CodeIgniter->run()
CRITICAL - 2025-03-01 18:21:00 --> Undefined property: stdClass::$arc_nombre
in APPPATH\Views\datos\subirdata\index.php on line 54.
 1 APPPATH\Views\datos\subirdata\index.php(54): CodeIgniter\Debug\Exceptions->errorHandler(2, 'Undefined property: stdClass::$arc_nombre', 'C:\\xampp\\htdocs\\validacioncuentas\\app\\Views\\datos\\subirdata\\index.php', 54)
 2 SYSTEMPATH\View\View.php(213): include('C:\\xampp\\htdocs\\validacioncuentas\\app\\Views\\datos\\subirdata\\index.php')
 3 SYSTEMPATH\View\View.php(216): CodeIgniter\View\View->CodeIgniter\View\{closure}()
 4 SYSTEMPATH\Common.php(1184): CodeIgniter\View\View->render('datos/subirdata/index', [], true)
 5 APPPATH\Controllers\Subirdata.php(20): view('datos/subirdata/index', [...])
 6 SYSTEMPATH\CodeIgniter.php(934): App\Controllers\Subirdata->index()
 7 SYSTEMPATH\CodeIgniter.php(499): CodeIgniter\CodeIgniter->runController(Object(App\Controllers\Subirdata))
 8 SYSTEMPATH\CodeIgniter.php(368): CodeIgniter\CodeIgniter->handleRequest(null, Object(Config\Cache), false)
 9 FCPATH\index.php(30): CodeIgniter\CodeIgniter->run()
CRITICAL - 2025-03-01 18:21:01 --> Undefined property: stdClass::$arc_nombre
in APPPATH\Views\datos\subirdata\index.php on line 54.
 1 APPPATH\Views\datos\subirdata\index.php(54): CodeIgniter\Debug\Exceptions->errorHandler(2, 'Undefined property: stdClass::$arc_nombre', 'C:\\xampp\\htdocs\\validacioncuentas\\app\\Views\\datos\\subirdata\\index.php', 54)
 2 SYSTEMPATH\View\View.php(213): include('C:\\xampp\\htdocs\\validacioncuentas\\app\\Views\\datos\\subirdata\\index.php')
 3 SYSTEMPATH\View\View.php(216): CodeIgniter\View\View->CodeIgniter\View\{closure}()
 4 SYSTEMPATH\Common.php(1184): CodeIgniter\View\View->render('datos/subirdata/index', [], true)
 5 APPPATH\Controllers\Subirdata.php(20): view('datos/subirdata/index', [...])
 6 SYSTEMPATH\CodeIgniter.php(934): App\Controllers\Subirdata->index()
 7 SYSTEMPATH\CodeIgniter.php(499): CodeIgniter\CodeIgniter->runController(Object(App\Controllers\Subirdata))
 8 SYSTEMPATH\CodeIgniter.php(368): CodeIgniter\CodeIgniter->handleRequest(null, Object(Config\Cache), false)
 9 FCPATH\index.php(30): CodeIgniter\CodeIgniter->run()
CRITICAL - 2025-03-01 18:21:01 --> Undefined property: stdClass::$arc_nombre
in APPPATH\Views\datos\subirdata\index.php on line 54.
 1 APPPATH\Views\datos\subirdata\index.php(54): CodeIgniter\Debug\Exceptions->errorHandler(2, 'Undefined property: stdClass::$arc_nombre', 'C:\\xampp\\htdocs\\validacioncuentas\\app\\Views\\datos\\subirdata\\index.php', 54)
 2 SYSTEMPATH\View\View.php(213): include('C:\\xampp\\htdocs\\validacioncuentas\\app\\Views\\datos\\subirdata\\index.php')
 3 SYSTEMPATH\View\View.php(216): CodeIgniter\View\View->CodeIgniter\View\{closure}()
 4 SYSTEMPATH\Common.php(1184): CodeIgniter\View\View->render('datos/subirdata/index', [], true)
 5 APPPATH\Controllers\Subirdata.php(20): view('datos/subirdata/index', [...])
 6 SYSTEMPATH\CodeIgniter.php(934): App\Controllers\Subirdata->index()
 7 SYSTEMPATH\CodeIgniter.php(499): CodeIgniter\CodeIgniter->runController(Object(App\Controllers\Subirdata))
 8 SYSTEMPATH\CodeIgniter.php(368): CodeIgniter\CodeIgniter->handleRequest(null, Object(Config\Cache), false)
 9 FCPATH\index.php(30): CodeIgniter\CodeIgniter->run()
CRITICAL - 2025-03-01 18:21:01 --> Undefined property: stdClass::$arc_nombre
in APPPATH\Views\datos\subirdata\index.php on line 54.
 1 APPPATH\Views\datos\subirdata\index.php(54): CodeIgniter\Debug\Exceptions->errorHandler(2, 'Undefined property: stdClass::$arc_nombre', 'C:\\xampp\\htdocs\\validacioncuentas\\app\\Views\\datos\\subirdata\\index.php', 54)
 2 SYSTEMPATH\View\View.php(213): include('C:\\xampp\\htdocs\\validacioncuentas\\app\\Views\\datos\\subirdata\\index.php')
 3 SYSTEMPATH\View\View.php(216): CodeIgniter\View\View->CodeIgniter\View\{closure}()
 4 SYSTEMPATH\Common.php(1184): CodeIgniter\View\View->render('datos/subirdata/index', [], true)
 5 APPPATH\Controllers\Subirdata.php(20): view('datos/subirdata/index', [...])
 6 SYSTEMPATH\CodeIgniter.php(934): App\Controllers\Subirdata->index()
 7 SYSTEMPATH\CodeIgniter.php(499): CodeIgniter\CodeIgniter->runController(Object(App\Controllers\Subirdata))
 8 SYSTEMPATH\CodeIgniter.php(368): CodeIgniter\CodeIgniter->handleRequest(null, Object(Config\Cache), false)
 9 FCPATH\index.php(30): CodeIgniter\CodeIgniter->run()
CRITICAL - 2025-03-01 18:21:01 --> Undefined property: stdClass::$arc_nombre
in APPPATH\Views\datos\subirdata\index.php on line 54.
 1 APPPATH\Views\datos\subirdata\index.php(54): CodeIgniter\Debug\Exceptions->errorHandler(2, 'Undefined property: stdClass::$arc_nombre', 'C:\\xampp\\htdocs\\validacioncuentas\\app\\Views\\datos\\subirdata\\index.php', 54)
 2 SYSTEMPATH\View\View.php(213): include('C:\\xampp\\htdocs\\validacioncuentas\\app\\Views\\datos\\subirdata\\index.php')
 3 SYSTEMPATH\View\View.php(216): CodeIgniter\View\View->CodeIgniter\View\{closure}()
 4 SYSTEMPATH\Common.php(1184): CodeIgniter\View\View->render('datos/subirdata/index', [], true)
 5 APPPATH\Controllers\Subirdata.php(20): view('datos/subirdata/index', [...])
 6 SYSTEMPATH\CodeIgniter.php(934): App\Controllers\Subirdata->index()
 7 SYSTEMPATH\CodeIgniter.php(499): CodeIgniter\CodeIgniter->runController(Object(App\Controllers\Subirdata))
 8 SYSTEMPATH\CodeIgniter.php(368): CodeIgniter\CodeIgniter->handleRequest(null, Object(Config\Cache), false)
 9 FCPATH\index.php(30): CodeIgniter\CodeIgniter->run()
CRITICAL - 2025-03-01 18:21:01 --> Undefined property: stdClass::$arc_nombre
in APPPATH\Views\datos\subirdata\index.php on line 54.
 1 APPPATH\Views\datos\subirdata\index.php(54): CodeIgniter\Debug\Exceptions->errorHandler(2, 'Undefined property: stdClass::$arc_nombre', 'C:\\xampp\\htdocs\\validacioncuentas\\app\\Views\\datos\\subirdata\\index.php', 54)
 2 SYSTEMPATH\View\View.php(213): include('C:\\xampp\\htdocs\\validacioncuentas\\app\\Views\\datos\\subirdata\\index.php')
 3 SYSTEMPATH\View\View.php(216): CodeIgniter\View\View->CodeIgniter\View\{closure}()
 4 SYSTEMPATH\Common.php(1184): CodeIgniter\View\View->render('datos/subirdata/index', [], true)
 5 APPPATH\Controllers\Subirdata.php(20): view('datos/subirdata/index', [...])
 6 SYSTEMPATH\CodeIgniter.php(934): App\Controllers\Subirdata->index()
 7 SYSTEMPATH\CodeIgniter.php(499): CodeIgniter\CodeIgniter->runController(Object(App\Controllers\Subirdata))
 8 SYSTEMPATH\CodeIgniter.php(368): CodeIgniter\CodeIgniter->handleRequest(null, Object(Config\Cache), false)
 9 FCPATH\index.php(30): CodeIgniter\CodeIgniter->run()
CRITICAL - 2025-03-01 18:21:02 --> Undefined property: stdClass::$arc_nombre
in APPPATH\Views\datos\subirdata\index.php on line 54.
 1 APPPATH\Views\datos\subirdata\index.php(54): CodeIgniter\Debug\Exceptions->errorHandler(2, 'Undefined property: stdClass::$arc_nombre', 'C:\\xampp\\htdocs\\validacioncuentas\\app\\Views\\datos\\subirdata\\index.php', 54)
 2 SYSTEMPATH\View\View.php(213): include('C:\\xampp\\htdocs\\validacioncuentas\\app\\Views\\datos\\subirdata\\index.php')
 3 SYSTEMPATH\View\View.php(216): CodeIgniter\View\View->CodeIgniter\View\{closure}()
 4 SYSTEMPATH\Common.php(1184): CodeIgniter\View\View->render('datos/subirdata/index', [], true)
 5 APPPATH\Controllers\Subirdata.php(20): view('datos/subirdata/index', [...])
 6 SYSTEMPATH\CodeIgniter.php(934): App\Controllers\Subirdata->index()
 7 SYSTEMPATH\CodeIgniter.php(499): CodeIgniter\CodeIgniter->runController(Object(App\Controllers\Subirdata))
 8 SYSTEMPATH\CodeIgniter.php(368): CodeIgniter\CodeIgniter->handleRequest(null, Object(Config\Cache), false)
 9 FCPATH\index.php(30): CodeIgniter\CodeIgniter->run()
CRITICAL - 2025-03-01 18:21:14 --> Cannot use object of type stdClass as array
in APPPATH\Views\gestionar\empresa\index.php on line 37.
 1 SYSTEMPATH\View\View.php(213): include()
 2 SYSTEMPATH\View\View.php(216): CodeIgniter\View\View->CodeIgniter\View\{closure}()
 3 SYSTEMPATH\Common.php(1184): CodeIgniter\View\View->render('gestionar/empresa/index', [], true)
 4 APPPATH\Controllers\Empresa.php(18): view('gestionar/empresa/index', [...])
 5 SYSTEMPATH\CodeIgniter.php(934): App\Controllers\Empresa->index()
 6 SYSTEMPATH\CodeIgniter.php(499): CodeIgniter\CodeIgniter->runController(Object(App\Controllers\Empresa))
 7 SYSTEMPATH\CodeIgniter.php(368): CodeIgniter\CodeIgniter->handleRequest(null, Object(Config\Cache), false)
 8 FCPATH\index.php(30): CodeIgniter\CodeIgniter->run()
