CRITICAL - 2025-04-29 20:36:27 --> Archivo inválido: mantenedor/compuesto/index.php
in SYSTEMPATH\Exceptions\FrameworkException.php on line 33.
 1 SYSTEMPATH\View\View.php(201): CodeIgniter\Exceptions\FrameworkException::forInvalidFile('mantenedor/compuesto/index.php')
 2 SYSTEMPATH\Common.php(1184): CodeIgniter\View\View->render('mantenedor/compuesto/index', [], true)
 3 APPPATH\Controllers\Compuesto.php(19): view('mantenedor/compuesto/index', [...])
 4 SYSTEMPATH\CodeIgniter.php(934): App\Controllers\Compuesto->index()
 5 SYSTEMPATH\CodeIgniter.php(499): CodeIgniter\CodeIgniter->runController(Object(App\Controllers\Compuesto))
 6 SYSTEMPATH\CodeIgniter.php(368): CodeIgniter\CodeIgniter->handleRequest(null, Object(Config\Cache), false)
 7 FCPATH\index.php(30): CodeIgniter\CodeIgniter->run()
CRITICAL - 2025-04-29 22:19:04 --> Too few arguments to function generarCorreo2(), 2 passed in C:\xampp\htdocs\validacioncuentas\app\Controllers\Generardata.php on line 579 and exactly 3 expected
in APPPATH\Helpers\function_helper.php on line 126.
 1 APPPATH\Controllers\Generardata.php(579): generarCorreo2('AMPARO SOLEDAD', 'CASTILLO RAMOS')
 2 SYSTEMPATH\CodeIgniter.php(934): App\Controllers\Generardata->procesar()
 3 SYSTEMPATH\CodeIgniter.php(499): CodeIgniter\CodeIgniter->runController(Object(App\Controllers\Generardata))
 4 SYSTEMPATH\CodeIgniter.php(368): CodeIgniter\CodeIgniter->handleRequest(null, Object(Config\Cache), false)
 5 FCPATH\index.php(30): CodeIgniter\CodeIgniter->run()
CRITICAL - 2025-04-29 22:19:53 --> Too few arguments to function generarCorreo2(), 2 passed in C:\xampp\htdocs\validacioncuentas\app\Controllers\Generardata.php on line 579 and exactly 3 expected
in APPPATH\Helpers\function_helper.php on line 126.
 1 APPPATH\Controllers\Generardata.php(579): generarCorreo2('AMPARO SOLEDAD', 'CASTILLO RAMOS')
 2 SYSTEMPATH\CodeIgniter.php(934): App\Controllers\Generardata->procesar()
 3 SYSTEMPATH\CodeIgniter.php(499): CodeIgniter\CodeIgniter->runController(Object(App\Controllers\Generardata))
 4 SYSTEMPATH\CodeIgniter.php(368): CodeIgniter\CodeIgniter->handleRequest(null, Object(Config\Cache), false)
 5 FCPATH\index.php(30): CodeIgniter\CodeIgniter->run()
