ERROR - 2025-02-24 20:27:45 --> mysqli_sql_exception: Unknown column 'art_tiempo' in 'field list' in C:\xampp\htdocs\validacioncuentas\system\Database\MySQLi\Connection.php:295
Stack trace:
#0 C:\xampp\htdocs\validacioncuentas\system\Database\MySQLi\Connection.php(295): mysqli->query('SELECT arc_id,a...', 0)
#1 C:\xampp\htdocs\validacioncuentas\system\Database\BaseConnection.php(691): CodeIgniter\Database\MySQLi\Connection->execute('SELECT arc_id,a...')
#2 C:\xampp\htdocs\validacioncuentas\system\Database\BaseConnection.php(605): CodeIgniter\Database\BaseConnection->simpleQuery('SELECT arc_id,a...')
#3 C:\xampp\htdocs\validacioncuentas\system\Model.php(836): CodeIgniter\Database\BaseConnection->query('SELECT arc_id,a...')
#4 C:\xampp\htdocs\validacioncuentas\app\Models\archivosModelo.php(11): CodeIgniter\Model->__call('query', Array)
#5 C:\xampp\htdocs\validacioncuentas\app\Controllers\Generardata.php(23): App\Models\archivosModelo->registros(2)
#6 C:\xampp\htdocs\validacioncuentas\system\CodeIgniter.php(934): App\Controllers\Generardata->index()
#7 C:\xampp\htdocs\validacioncuentas\system\CodeIgniter.php(499): CodeIgniter\CodeIgniter->runController(Object(App\Controllers\Generardata))
#8 C:\xampp\htdocs\validacioncuentas\system\CodeIgniter.php(368): CodeIgniter\CodeIgniter->handleRequest(NULL, Object(Config\Cache), false)
#9 C:\xampp\htdocs\validacioncuentas\index.php(30): CodeIgniter\CodeIgniter->run()
#10 {main}
CRITICAL - 2025-02-24 20:27:45 --> Unknown column 'art_tiempo' in 'field list'
in SYSTEMPATH\Database\MySQLi\Connection.php on line 295.
 1 SYSTEMPATH\Database\MySQLi\Connection.php(295): mysqli->query('SELECT arc_id,arc_nombre,arc_ruta,arc_total,arc_subido,usu_nombre,usu_apellido,arc_fecha_reg,tip_nombre, art_tiempo
        FROM archivos arc
        INNER JOIN usuario usu ON usu.usu_id = arc.arc_usu_id
        INNER JOIN tipopersona tip ON tip.tip_id = arc.arc_tipo_persona
        WHERE arc_origen = 2 AND arc_subido > 0
        ORDER BY arc_id DESC', 0)
 2 SYSTEMPATH\Database\BaseConnection.php(691): CodeIgniter\Database\MySQLi\Connection->execute('SELECT arc_id,arc_nombre,arc_ruta,arc_total,arc_subido,usu_nombre,usu_apellido,arc_fecha_reg,tip_nombre, art_tiempo
        FROM archivos arc
        INNER JOIN usuario usu ON usu.usu_id = arc.arc_usu_id
        INNER JOIN tipopersona tip ON tip.tip_id = arc.arc_tipo_persona
        WHERE arc_origen = 2 AND arc_subido > 0
        ORDER BY arc_id DESC')
 3 SYSTEMPATH\Database\BaseConnection.php(605): CodeIgniter\Database\BaseConnection->simpleQuery('SELECT arc_id,arc_nombre,arc_ruta,arc_total,arc_subido,usu_nombre,usu_apellido,arc_fecha_reg,tip_nombre, art_tiempo
        FROM archivos arc
        INNER JOIN usuario usu ON usu.usu_id = arc.arc_usu_id
        INNER JOIN tipopersona tip ON tip.tip_id = arc.arc_tipo_persona
        WHERE arc_origen = 2 AND arc_subido > 0
        ORDER BY arc_id DESC')
 4 SYSTEMPATH\Model.php(836): CodeIgniter\Database\BaseConnection->query('SELECT arc_id,arc_nombre,arc_ruta,arc_total,arc_subido,usu_nombre,usu_apellido,arc_fecha_reg,tip_nombre, art_tiempo
        FROM archivos arc
        INNER JOIN usuario usu ON usu.usu_id = arc.arc_usu_id
        INNER JOIN tipopersona tip ON tip.tip_id = arc.arc_tipo_persona
        WHERE arc_origen = 2 AND arc_subido > 0
        ORDER BY arc_id DESC')
 5 APPPATH\Models\archivosModelo.php(11): CodeIgniter\Model->__call('query', [...])
 6 APPPATH\Controllers\Generardata.php(23): App\Models\archivosModelo->registros(2)
 7 SYSTEMPATH\CodeIgniter.php(934): App\Controllers\Generardata->index()
 8 SYSTEMPATH\CodeIgniter.php(499): CodeIgniter\CodeIgniter->runController(Object(App\Controllers\Generardata))
 9 SYSTEMPATH\CodeIgniter.php(368): CodeIgniter\CodeIgniter->handleRequest(null, Object(Config\Cache), false)
10 FCPATH\index.php(30): CodeIgniter\CodeIgniter->run()
