ERROR - 2025-04-27 10:02:35 --> mysqli_sql_exception: Cannot delete or update a parent row: a foreign key constraint fails in C:\xampp\htdocs\validacioncuentas\system\Database\MySQLi\Connection.php:295
Stack trace:
#0 C:\xampp\htdocs\validacioncuentas\system\Database\MySQLi\Connection.php(295): mysqli->query('DROP TABLE arch...', 0)
#1 C:\xampp\htdocs\validacioncuentas\system\Database\BaseConnection.php(691): CodeIgniter\Database\MySQLi\Connection->execute('DROP TABLE arch...')
#2 C:\xampp\htdocs\validacioncuentas\system\Database\BaseConnection.php(605): CodeIgniter\Database\BaseConnection->simpleQuery('DROP TABLE arch...')
#3 C:\xampp\htdocs\validacioncuentas\app\Models\backupModelo.php(25): CodeIgniter\Database\BaseConnection->query('DROP TABLE arch...')
#4 C:\xampp\htdocs\validacioncuentas\app\Controllers\Backup.php(84): App\Models\backupModelo->borrarTabla('archivos')
#5 C:\xampp\htdocs\validacioncuentas\system\CodeIgniter.php(934): App\Controllers\Backup->restaurar()
#6 C:\xampp\htdocs\validacioncuentas\system\CodeIgniter.php(499): CodeIgniter\CodeIgniter->runController(Object(App\Controllers\Backup))
#7 C:\xampp\htdocs\validacioncuentas\system\CodeIgniter.php(368): CodeIgniter\CodeIgniter->handleRequest(NULL, Object(Config\Cache), false)
#8 C:\xampp\htdocs\validacioncuentas\index.php(30): CodeIgniter\CodeIgniter->run()
#9 {main}
CRITICAL - 2025-04-27 10:02:35 --> Cannot delete or update a parent row: a foreign key constraint fails
in SYSTEMPATH\Database\MySQLi\Connection.php on line 295.
 1 SYSTEMPATH\Database\MySQLi\Connection.php(295): mysqli->query('DROP TABLE archivos', 0)
 2 SYSTEMPATH\Database\BaseConnection.php(691): CodeIgniter\Database\MySQLi\Connection->execute('DROP TABLE archivos')
 3 SYSTEMPATH\Database\BaseConnection.php(605): CodeIgniter\Database\BaseConnection->simpleQuery('DROP TABLE archivos')
 4 APPPATH\Models\backupModelo.php(25): CodeIgniter\Database\BaseConnection->query('DROP TABLE archivos')
 5 APPPATH\Controllers\Backup.php(84): App\Models\backupModelo->borrarTabla('archivos')
 6 SYSTEMPATH\CodeIgniter.php(934): App\Controllers\Backup->restaurar()
 7 SYSTEMPATH\CodeIgniter.php(499): CodeIgniter\CodeIgniter->runController(Object(App\Controllers\Backup))
 8 SYSTEMPATH\CodeIgniter.php(368): CodeIgniter\CodeIgniter->handleRequest(null, Object(Config\Cache), false)
 9 FCPATH\index.php(30): CodeIgniter\CodeIgniter->run()
ERROR - 2025-04-27 10:02:37 --> mysqli_sql_exception: Cannot delete or update a parent row: a foreign key constraint fails in C:\xampp\htdocs\validacioncuentas\system\Database\MySQLi\Connection.php:295
Stack trace:
#0 C:\xampp\htdocs\validacioncuentas\system\Database\MySQLi\Connection.php(295): mysqli->query('DROP TABLE arch...', 0)
#1 C:\xampp\htdocs\validacioncuentas\system\Database\BaseConnection.php(691): CodeIgniter\Database\MySQLi\Connection->execute('DROP TABLE arch...')
#2 C:\xampp\htdocs\validacioncuentas\system\Database\BaseConnection.php(605): CodeIgniter\Database\BaseConnection->simpleQuery('DROP TABLE arch...')
#3 C:\xampp\htdocs\validacioncuentas\app\Models\backupModelo.php(25): CodeIgniter\Database\BaseConnection->query('DROP TABLE arch...')
#4 C:\xampp\htdocs\validacioncuentas\app\Controllers\Backup.php(84): App\Models\backupModelo->borrarTabla('archivos')
#5 C:\xampp\htdocs\validacioncuentas\system\CodeIgniter.php(934): App\Controllers\Backup->restaurar()
#6 C:\xampp\htdocs\validacioncuentas\system\CodeIgniter.php(499): CodeIgniter\CodeIgniter->runController(Object(App\Controllers\Backup))
#7 C:\xampp\htdocs\validacioncuentas\system\CodeIgniter.php(368): CodeIgniter\CodeIgniter->handleRequest(NULL, Object(Config\Cache), false)
#8 C:\xampp\htdocs\validacioncuentas\index.php(30): CodeIgniter\CodeIgniter->run()
#9 {main}
CRITICAL - 2025-04-27 10:02:37 --> Cannot delete or update a parent row: a foreign key constraint fails
in SYSTEMPATH\Database\MySQLi\Connection.php on line 295.
 1 SYSTEMPATH\Database\MySQLi\Connection.php(295): mysqli->query('DROP TABLE archivos', 0)
 2 SYSTEMPATH\Database\BaseConnection.php(691): CodeIgniter\Database\MySQLi\Connection->execute('DROP TABLE archivos')
 3 SYSTEMPATH\Database\BaseConnection.php(605): CodeIgniter\Database\BaseConnection->simpleQuery('DROP TABLE archivos')
 4 APPPATH\Models\backupModelo.php(25): CodeIgniter\Database\BaseConnection->query('DROP TABLE archivos')
 5 APPPATH\Controllers\Backup.php(84): App\Models\backupModelo->borrarTabla('archivos')
 6 SYSTEMPATH\CodeIgniter.php(934): App\Controllers\Backup->restaurar()
 7 SYSTEMPATH\CodeIgniter.php(499): CodeIgniter\CodeIgniter->runController(Object(App\Controllers\Backup))
 8 SYSTEMPATH\CodeIgniter.php(368): CodeIgniter\CodeIgniter->handleRequest(null, Object(Config\Cache), false)
 9 FCPATH\index.php(30): CodeIgniter\CodeIgniter->run()
CRITICAL - 2025-04-27 10:49:56 --> Unclosed '{' on line 32
in APPPATH\Views\seguridad\usuarios\index.php on line 125.
 1 SYSTEMPATH\View\View.php(216): CodeIgniter\View\View->CodeIgniter\View\{closure}()
 2 SYSTEMPATH\Common.php(1184): CodeIgniter\View\View->render('seguridad/usuarios/index', [], true)
 3 APPPATH\Controllers\Usuarios.php(30): view('seguridad/usuarios/index', [...])
 4 SYSTEMPATH\CodeIgniter.php(934): App\Controllers\Usuarios->index()
 5 SYSTEMPATH\CodeIgniter.php(499): CodeIgniter\CodeIgniter->runController(Object(App\Controllers\Usuarios))
 6 SYSTEMPATH\CodeIgniter.php(368): CodeIgniter\CodeIgniter->handleRequest(null, Object(Config\Cache), false)
 7 FCPATH\index.php(30): CodeIgniter\CodeIgniter->run()
ERROR - 2025-04-27 11:13:48 --> mysqli_sql_exception: You have an error in your SQL syntax; check the manual that corresponds to your MariaDB server version for the right syntax to use near '' at line 2 in C:\xampp\htdocs\validacioncuentas\system\Database\MySQLi\Connection.php:295
Stack trace:
#0 C:\xampp\htdocs\validacioncuentas\system\Database\MySQLi\Connection.php(295): mysqli->query('INSERT INTO dat...', 0)
#1 C:\xampp\htdocs\validacioncuentas\system\Database\BaseConnection.php(691): CodeIgniter\Database\MySQLi\Connection->execute('INSERT INTO dat...')
#2 C:\xampp\htdocs\validacioncuentas\system\Database\BaseConnection.php(605): CodeIgniter\Database\BaseConnection->simpleQuery('INSERT INTO dat...')
#3 C:\xampp\htdocs\validacioncuentas\system\Model.php(836): CodeIgniter\Database\BaseConnection->query('INSERT INTO dat...')
#4 C:\xampp\htdocs\validacioncuentas\app\Models\datosModelo.php(58): CodeIgniter\Model->__call('query', Array)
#5 C:\xampp\htdocs\validacioncuentas\app\Controllers\Generardata.php(798): App\Models\datosModelo->insertarDatosGenerados('', '3')
#6 C:\xampp\htdocs\validacioncuentas\system\CodeIgniter.php(934): App\Controllers\Generardata->guardararchivo()
#7 C:\xampp\htdocs\validacioncuentas\system\CodeIgniter.php(499): CodeIgniter\CodeIgniter->runController(Object(App\Controllers\Generardata))
#8 C:\xampp\htdocs\validacioncuentas\system\CodeIgniter.php(368): CodeIgniter\CodeIgniter->handleRequest(NULL, Object(Config\Cache), false)
#9 C:\xampp\htdocs\validacioncuentas\index.php(30): CodeIgniter\CodeIgniter->run()
#10 {main}
CRITICAL - 2025-04-27 11:13:48 --> You have an error in your SQL syntax; check the manual that corresponds to your MariaDB server version for the right syntax to use near '' at line 2
in SYSTEMPATH\Database\MySQLi\Connection.php on line 295.
 1 SYSTEMPATH\Database\MySQLi\Connection.php(295): mysqli->query('INSERT INTO datos(dat_codigo,dat_dni,dat_nombres,dat_apellidos,dat_nombres_completos,dat_email,dat_celular,dat_correo_personal,dat_facultad,dat_escuela,dat_sede,
            dat_clave,dat_estado,dat_ultimo_acceso,dat_espacio_uso,dat_origen,dat_arc_id,dat_usu_id,dat_emp_id) VALUES ', 0)
 2 SYSTEMPATH\Database\BaseConnection.php(691): CodeIgniter\Database\MySQLi\Connection->execute('INSERT INTO datos(dat_codigo,dat_dni,dat_nombres,dat_apellidos,dat_nombres_completos,dat_email,dat_celular,dat_correo_personal,dat_facultad,dat_escuela,dat_sede,
            dat_clave,dat_estado,dat_ultimo_acceso,dat_espacio_uso,dat_origen,dat_arc_id,dat_usu_id,dat_emp_id) VALUES ')
 3 SYSTEMPATH\Database\BaseConnection.php(605): CodeIgniter\Database\BaseConnection->simpleQuery('INSERT INTO datos(dat_codigo,dat_dni,dat_nombres,dat_apellidos,dat_nombres_completos,dat_email,dat_celular,dat_correo_personal,dat_facultad,dat_escuela,dat_sede,
            dat_clave,dat_estado,dat_ultimo_acceso,dat_espacio_uso,dat_origen,dat_arc_id,dat_usu_id,dat_emp_id) VALUES ')
 4 SYSTEMPATH\Model.php(836): CodeIgniter\Database\BaseConnection->query('INSERT INTO datos(dat_codigo,dat_dni,dat_nombres,dat_apellidos,dat_nombres_completos,dat_email,dat_celular,dat_correo_personal,dat_facultad,dat_escuela,dat_sede,
            dat_clave,dat_estado,dat_ultimo_acceso,dat_espacio_uso,dat_origen,dat_arc_id,dat_usu_id,dat_emp_id) VALUES ')
 5 APPPATH\Models\datosModelo.php(58): CodeIgniter\Model->__call('query', [...])
 6 APPPATH\Controllers\Generardata.php(798): App\Models\datosModelo->insertarDatosGenerados('', '3')
 7 SYSTEMPATH\CodeIgniter.php(934): App\Controllers\Generardata->guardararchivo()
 8 SYSTEMPATH\CodeIgniter.php(499): CodeIgniter\CodeIgniter->runController(Object(App\Controllers\Generardata))
 9 SYSTEMPATH\CodeIgniter.php(368): CodeIgniter\CodeIgniter->handleRequest(null, Object(Config\Cache), false)
10 FCPATH\index.php(30): CodeIgniter\CodeIgniter->run()
