CRITICAL - 2024-04-21 16:08:06 --> Undefined variable $nombres_limpio
in APPPATH\Controllers\Generardata.php on line 179.
 1 APPPATH\Controllers\Generardata.php(179): CodeIgniter\Debug\Exceptions->errorHandler(2, 'Undefined variable $nombres_limpio', 'C:\\xampp\\htdocs\\validacioncuentas\\app\\Controllers\\Generardata.php', 179)
 2 SYSTEMPATH\CodeIgniter.php(934): App\Controllers\Generardata->guardararchivoexcel()
 3 SYSTEMPATH\CodeIgniter.php(499): CodeIgniter\CodeIgniter->runController(Object(App\Controllers\Generardata))
 4 SYSTEMPATH\CodeIgniter.php(368): CodeIgniter\CodeIgniter->handleRequest(null, Object(Config\Cache), false)
 5 FCPATH\index.php(30): CodeIgniter\CodeIgniter->run()
CRITICAL - 2024-04-21 16:10:40 --> Unsupported operand types: int - string
in APPPATH\Controllers\Generardata.php on line 203.
 1 SYSTEMPATH\CodeIgniter.php(934): App\Controllers\Generardata->guardararchivoexcel()
 2 SYSTEMPATH\CodeIgniter.php(499): CodeIgniter\CodeIgniter->runController(Object(App\Controllers\Generardata))
 3 SYSTEMPATH\CodeIgniter.php(368): CodeIgniter\CodeIgniter->handleRequest(null, Object(Config\Cache), false)
 4 FCPATH\index.php(30): CodeIgniter\CodeIgniter->run()
CRITICAL - 2024-04-21 17:06:25 --> Undefined property: Config\App::$base_url
in APPPATH\Views\datos\subirdata\index.php on line 44.
 1 APPPATH\Views\datos\subirdata\index.php(44): CodeIgniter\Debug\Exceptions->errorHandler(2, 'Undefined property: Config\\App::$base_url', 'C:\\xampp\\htdocs\\validacioncuentas\\app\\Views\\datos\\subirdata\\index.php', 44)
 2 SYSTEMPATH\View\View.php(213): include('C:\\xampp\\htdocs\\validacioncuentas\\app\\Views\\datos\\subirdata\\index.php')
 3 SYSTEMPATH\View\View.php(216): CodeIgniter\View\View->CodeIgniter\View\{closure}()
 4 SYSTEMPATH\Common.php(1184): CodeIgniter\View\View->render('datos/subirdata/index', [], true)
 5 APPPATH\Controllers\Subirdata.php(19): view('datos/subirdata/index', [...])
 6 SYSTEMPATH\CodeIgniter.php(934): App\Controllers\Subirdata->index()
 7 SYSTEMPATH\CodeIgniter.php(499): CodeIgniter\CodeIgniter->runController(Object(App\Controllers\Subirdata))
 8 SYSTEMPATH\CodeIgniter.php(368): CodeIgniter\CodeIgniter->handleRequest(null, Object(Config\Cache), false)
 9 FCPATH\index.php(30): CodeIgniter\CodeIgniter->run()
CRITICAL - 2024-04-21 17:18:16 --> Object of class stdClass could not be converted to string
in APPPATH\Controllers\Subirdata.php on line 49.
 1 SYSTEMPATH\CodeIgniter.php(934): App\Controllers\Subirdata->detalle('1')
 2 SYSTEMPATH\CodeIgniter.php(499): CodeIgniter\CodeIgniter->runController(Object(App\Controllers\Subirdata))
 3 SYSTEMPATH\CodeIgniter.php(368): CodeIgniter\CodeIgniter->handleRequest(null, Object(Config\Cache), false)
 4 FCPATH\index.php(30): CodeIgniter\CodeIgniter->run()
CRITICAL - 2024-04-21 17:18:31 --> Undefined property: stdClass::$ruta
in APPPATH\Controllers\Subirdata.php on line 49.
 1 APPPATH\Controllers\Subirdata.php(49): CodeIgniter\Debug\Exceptions->errorHandler(2, 'Undefined property: stdClass::$ruta', 'C:\\xampp\\htdocs\\validacioncuentas\\app\\Controllers\\Subirdata.php', 49)
 2 SYSTEMPATH\CodeIgniter.php(934): App\Controllers\Subirdata->detalle('1')
 3 SYSTEMPATH\CodeIgniter.php(499): CodeIgniter\CodeIgniter->runController(Object(App\Controllers\Subirdata))
 4 SYSTEMPATH\CodeIgniter.php(368): CodeIgniter\CodeIgniter->handleRequest(null, Object(Config\Cache), false)
 5 FCPATH\index.php(30): CodeIgniter\CodeIgniter->run()
CRITICAL - 2024-04-21 17:20:30 --> Could not open archivos/subirdatos/s20240419195214.xlsx for reading! File does not exist.
in APPPATH\Libraries\Excel\PHPExcel\Reader\Excel2007.php on line 82.
 1 APPPATH\Libraries\Excel\PHPExcel\IOFactory.php(268): PHPExcel_Reader_Excel2007->canRead('archivos/subirdatos/s20240419195214.xlsx')
 2 APPPATH\Libraries\Excel\PHPExcel\IOFactory.php(205): PHPExcel_IOFactory::createReaderForFile('archivos/subirdatos/s20240419195214.xlsx')
 3 APPPATH\Controllers\Subirdata.php(50): PHPExcel_IOFactory::identify('archivos/subirdatos/s20240419195214.xlsx')
 4 SYSTEMPATH\CodeIgniter.php(934): App\Controllers\Subirdata->detalle('1')
 5 SYSTEMPATH\CodeIgniter.php(499): CodeIgniter\CodeIgniter->runController(Object(App\Controllers\Subirdata))
 6 SYSTEMPATH\CodeIgniter.php(368): CodeIgniter\CodeIgniter->handleRequest(null, Object(Config\Cache), false)
 7 FCPATH\index.php(30): CodeIgniter\CodeIgniter->run()
CRITICAL - 2024-04-21 17:20:55 --> Could not open public/archivos/subirdatos/s20240419195214.xlsx for reading! File does not exist.
in APPPATH\Libraries\Excel\PHPExcel\Reader\Excel2007.php on line 82.
 1 APPPATH\Libraries\Excel\PHPExcel\IOFactory.php(268): PHPExcel_Reader_Excel2007->canRead('public/archivos/subirdatos/s20240419195214.xlsx')
 2 APPPATH\Libraries\Excel\PHPExcel\IOFactory.php(205): PHPExcel_IOFactory::createReaderForFile('public/archivos/subirdatos/s20240419195214.xlsx')
 3 APPPATH\Controllers\Subirdata.php(50): PHPExcel_IOFactory::identify('public/archivos/subirdatos/s20240419195214.xlsx')
 4 SYSTEMPATH\CodeIgniter.php(934): App\Controllers\Subirdata->detalle('1')
 5 SYSTEMPATH\CodeIgniter.php(499): CodeIgniter\CodeIgniter->runController(Object(App\Controllers\Subirdata))
 6 SYSTEMPATH\CodeIgniter.php(368): CodeIgniter\CodeIgniter->handleRequest(null, Object(Config\Cache), false)
 7 FCPATH\index.php(30): CodeIgniter\CodeIgniter->run()
