CRITICAL - 2025-03-03 18:49:30 --> Undefined variable $id_arch
in APPPATH\Views\datos\subirdata\detalle.php on line 44.
 1 APPPATH\Views\datos\subirdata\detalle.php(44): CodeIgniter\Debug\Exceptions->errorHandler(2, 'Undefined variable $id_arch', 'C:\\xampp\\htdocs\\validacioncuentas\\app\\Views\\datos\\subirdata\\detalle.php', 44)
 2 SYSTEMPATH\View\View.php(213): include('C:\\xampp\\htdocs\\validacioncuentas\\app\\Views\\datos\\subirdata\\detalle.php')
 3 SYSTEMPATH\View\View.php(216): CodeIgniter\View\View->CodeIgniter\View\{closure}()
 4 SYSTEMPATH\Common.php(1184): CodeIgniter\View\View->render('datos/subirdata/detalle', [], true)
 5 APPPATH\Controllers\Subirdata.php(44): view('datos/subirdata/detalle', [...])
 6 SYSTEMPATH\CodeIgniter.php(934): App\Controllers\Subirdata->detalle('2')
 7 SYSTEMPATH\CodeIgniter.php(499): CodeIgniter\CodeIgniter->runController(Object(App\Controllers\Subirdata))
 8 SYSTEMPATH\CodeIgniter.php(368): CodeIgniter\CodeIgniter->handleRequest(null, Object(Config\Cache), false)
 9 FCPATH\index.php(30): CodeIgniter\CodeIgniter->run()
CRITICAL - 2025-03-03 18:49:59 --> Undefined variable $id_arch
in APPPATH\Views\datos\subirdata\detalle.php on line 44.
 1 APPPATH\Views\datos\subirdata\detalle.php(44): CodeIgniter\Debug\Exceptions->errorHandler(2, 'Undefined variable $id_arch', 'C:\\xampp\\htdocs\\validacioncuentas\\app\\Views\\datos\\subirdata\\detalle.php', 44)
 2 SYSTEMPATH\View\View.php(213): include('C:\\xampp\\htdocs\\validacioncuentas\\app\\Views\\datos\\subirdata\\detalle.php')
 3 SYSTEMPATH\View\View.php(216): CodeIgniter\View\View->CodeIgniter\View\{closure}()
 4 SYSTEMPATH\Common.php(1184): CodeIgniter\View\View->render('datos/subirdata/detalle', [], true)
 5 APPPATH\Controllers\Subirdata.php(44): view('datos/subirdata/detalle', [...])
 6 SYSTEMPATH\CodeIgniter.php(934): App\Controllers\Subirdata->detalle('2')
 7 SYSTEMPATH\CodeIgniter.php(499): CodeIgniter\CodeIgniter->runController(Object(App\Controllers\Subirdata))
 8 SYSTEMPATH\CodeIgniter.php(368): CodeIgniter\CodeIgniter->handleRequest(null, Object(Config\Cache), false)
 9 FCPATH\index.php(30): CodeIgniter\CodeIgniter->run()
CRITICAL - 2025-03-03 18:50:00 --> Undefined variable $id_arch
in APPPATH\Views\datos\subirdata\detalle.php on line 44.
 1 APPPATH\Views\datos\subirdata\detalle.php(44): CodeIgniter\Debug\Exceptions->errorHandler(2, 'Undefined variable $id_arch', 'C:\\xampp\\htdocs\\validacioncuentas\\app\\Views\\datos\\subirdata\\detalle.php', 44)
 2 SYSTEMPATH\View\View.php(213): include('C:\\xampp\\htdocs\\validacioncuentas\\app\\Views\\datos\\subirdata\\detalle.php')
 3 SYSTEMPATH\View\View.php(216): CodeIgniter\View\View->CodeIgniter\View\{closure}()
 4 SYSTEMPATH\Common.php(1184): CodeIgniter\View\View->render('datos/subirdata/detalle', [], true)
 5 APPPATH\Controllers\Subirdata.php(44): view('datos/subirdata/detalle', [...])
 6 SYSTEMPATH\CodeIgniter.php(934): App\Controllers\Subirdata->detalle('2')
 7 SYSTEMPATH\CodeIgniter.php(499): CodeIgniter\CodeIgniter->runController(Object(App\Controllers\Subirdata))
 8 SYSTEMPATH\CodeIgniter.php(368): CodeIgniter\CodeIgniter->handleRequest(null, Object(Config\Cache), false)
 9 FCPATH\index.php(30): CodeIgniter\CodeIgniter->run()
CRITICAL - 2025-03-03 18:50:01 --> Undefined variable $id_arch
in APPPATH\Views\datos\subirdata\detalle.php on line 44.
 1 APPPATH\Views\datos\subirdata\detalle.php(44): CodeIgniter\Debug\Exceptions->errorHandler(2, 'Undefined variable $id_arch', 'C:\\xampp\\htdocs\\validacioncuentas\\app\\Views\\datos\\subirdata\\detalle.php', 44)
 2 SYSTEMPATH\View\View.php(213): include('C:\\xampp\\htdocs\\validacioncuentas\\app\\Views\\datos\\subirdata\\detalle.php')
 3 SYSTEMPATH\View\View.php(216): CodeIgniter\View\View->CodeIgniter\View\{closure}()
 4 SYSTEMPATH\Common.php(1184): CodeIgniter\View\View->render('datos/subirdata/detalle', [], true)
 5 APPPATH\Controllers\Subirdata.php(44): view('datos/subirdata/detalle', [...])
 6 SYSTEMPATH\CodeIgniter.php(934): App\Controllers\Subirdata->detalle('2')
 7 SYSTEMPATH\CodeIgniter.php(499): CodeIgniter\CodeIgniter->runController(Object(App\Controllers\Subirdata))
 8 SYSTEMPATH\CodeIgniter.php(368): CodeIgniter\CodeIgniter->handleRequest(null, Object(Config\Cache), false)
 9 FCPATH\index.php(30): CodeIgniter\CodeIgniter->run()
CRITICAL - 2025-03-03 18:50:02 --> Undefined variable $id_arch
in APPPATH\Views\datos\subirdata\detalle.php on line 44.
 1 APPPATH\Views\datos\subirdata\detalle.php(44): CodeIgniter\Debug\Exceptions->errorHandler(2, 'Undefined variable $id_arch', 'C:\\xampp\\htdocs\\validacioncuentas\\app\\Views\\datos\\subirdata\\detalle.php', 44)
 2 SYSTEMPATH\View\View.php(213): include('C:\\xampp\\htdocs\\validacioncuentas\\app\\Views\\datos\\subirdata\\detalle.php')
 3 SYSTEMPATH\View\View.php(216): CodeIgniter\View\View->CodeIgniter\View\{closure}()
 4 SYSTEMPATH\Common.php(1184): CodeIgniter\View\View->render('datos/subirdata/detalle', [], true)
 5 APPPATH\Controllers\Subirdata.php(44): view('datos/subirdata/detalle', [...])
 6 SYSTEMPATH\CodeIgniter.php(934): App\Controllers\Subirdata->detalle('2')
 7 SYSTEMPATH\CodeIgniter.php(499): CodeIgniter\CodeIgniter->runController(Object(App\Controllers\Subirdata))
 8 SYSTEMPATH\CodeIgniter.php(368): CodeIgniter\CodeIgniter->handleRequest(null, Object(Config\Cache), false)
 9 FCPATH\index.php(30): CodeIgniter\CodeIgniter->run()
CRITICAL - 2025-03-03 19:03:20 --> Archivo inválido: seguridad/backup/index.php
in SYSTEMPATH\Exceptions\FrameworkException.php on line 33.
 1 SYSTEMPATH\View\View.php(201): CodeIgniter\Exceptions\FrameworkException::forInvalidFile('seguridad/backup/index.php')
 2 SYSTEMPATH\Common.php(1184): CodeIgniter\View\View->render('seguridad/backup/index', [], true)
 3 APPPATH\Controllers\Backup.php(18): view('seguridad/backup/index', [...])
 4 SYSTEMPATH\CodeIgniter.php(934): App\Controllers\Backup->index()
 5 SYSTEMPATH\CodeIgniter.php(499): CodeIgniter\CodeIgniter->runController(Object(App\Controllers\Backup))
 6 SYSTEMPATH\CodeIgniter.php(368): CodeIgniter\CodeIgniter->handleRequest(null, Object(Config\Cache), false)
 7 FCPATH\index.php(30): CodeIgniter\CodeIgniter->run()
CRITICAL - 2025-03-03 19:04:20 --> Archivo inválido: seguridad/backup/index.php
in SYSTEMPATH\Exceptions\FrameworkException.php on line 33.
 1 SYSTEMPATH\View\View.php(201): CodeIgniter\Exceptions\FrameworkException::forInvalidFile('seguridad/backup/index.php')
 2 SYSTEMPATH\Common.php(1184): CodeIgniter\View\View->render('seguridad/backup/index', [], true)
 3 APPPATH\Controllers\Backup.php(18): view('seguridad/backup/index', [...])
 4 SYSTEMPATH\CodeIgniter.php(934): App\Controllers\Backup->index()
 5 SYSTEMPATH\CodeIgniter.php(499): CodeIgniter\CodeIgniter->runController(Object(App\Controllers\Backup))
 6 SYSTEMPATH\CodeIgniter.php(368): CodeIgniter\CodeIgniter->handleRequest(null, Object(Config\Cache), false)
 7 FCPATH\index.php(30): CodeIgniter\CodeIgniter->run()
