CRITICAL - 2025-02-12 04:28:41 --> Class "App\Controllers\PDF" not found
in APPPATH\Controllers\Generardata.php on line 530.
 1 SYSTEMPATH\CodeIgniter.php(934): App\Controllers\Generardata->pdf('2')
 2 SYSTEMPATH\CodeIgniter.php(499): CodeIgniter\CodeIgniter->runController(Object(App\Controllers\Generardata))
 3 SYSTEMPATH\CodeIgniter.php(368): CodeIgniter\CodeIgniter->handleRequest(null, Object(Config\Cache), false)
 4 FCPATH\index.php(30): CodeIgniter\CodeIgniter->run()
CRITICAL - 2025-02-12 04:29:07 --> getimagesize(public/images/web.jpg): Failed to open stream: No such file or directory
in APPPATH\Libraries\fpdf\fpdf.php on line 1256.
 1 [internal function]: CodeIgniter\Debug\Exceptions->errorHandler(2, 'getimagesize(public/images/web.jpg): Failed to open stream: No such file or directory', 'C:\\xampp\\htdocs\\validacioncuentas\\app\\Libraries\\fpdf\\fpdf.php', 1256)
 2 APPPATH\Libraries\fpdf\fpdf.php(1256): getimagesize('public/images/web.jpg')
 3 APPPATH\Libraries\fpdf\fpdf.php(889): FPDF->_parsejpg('public/images/web.jpg')
 4 APPPATH\Libraries\PDF.php(15): FPDF->Image('public/images/web.jpg', 15, 289, 8, 0)
 5 APPPATH\Libraries\fpdf\fpdf.php(310): PDF->Footer()
 6 APPPATH\Libraries\fpdf\fpdf.php(593): FPDF->AddPage('L', [...], 0)
 7 APPPATH\Controllers\Generardata.php(563): FPDF->Cell(10, 5, 35, 1)
 8 SYSTEMPATH\CodeIgniter.php(934): App\Controllers\Generardata->pdf('2')
 9 SYSTEMPATH\CodeIgniter.php(499): CodeIgniter\CodeIgniter->runController(Object(App\Controllers\Generardata))
10 SYSTEMPATH\CodeIgniter.php(368): CodeIgniter\CodeIgniter->handleRequest(null, Object(Config\Cache), false)
11 FCPATH\index.php(30): CodeIgniter\CodeIgniter->run()
CRITICAL - 2025-02-12 04:34:34 --> fopen(20304055450-logo.png): Failed to open stream: No such file or directory
in APPPATH\Libraries\fpdf\fpdf.php on line 1275.
 1 [internal function]: CodeIgniter\Debug\Exceptions->errorHandler(2, 'fopen(20304055450-logo.png): Failed to open stream: No such file or directory', 'C:\\xampp\\htdocs\\validacioncuentas\\app\\Libraries\\fpdf\\fpdf.php', 1275)
 2 APPPATH\Libraries\fpdf\fpdf.php(1275): fopen('20304055450-logo.png', 'rb')
 3 APPPATH\Libraries\fpdf\fpdf.php(889): FPDF->_parsepng('20304055450-logo.png')
 4 APPPATH\Libraries\PDF.php(9): FPDF->Image('20304055450-logo.png', 10, 8, 30)
 5 APPPATH\Libraries\fpdf\fpdf.php(336): PDF->Header()
 6 APPPATH\Controllers\Generardata.php(531): FPDF->AddPage('L')
 7 SYSTEMPATH\CodeIgniter.php(934): App\Controllers\Generardata->pdf('2')
 8 SYSTEMPATH\CodeIgniter.php(499): CodeIgniter\CodeIgniter->runController(Object(App\Controllers\Generardata))
 9 SYSTEMPATH\CodeIgniter.php(368): CodeIgniter\CodeIgniter->handleRequest(null, Object(Config\Cache), false)
10 FCPATH\index.php(30): CodeIgniter\CodeIgniter->run()
