CRITICAL - 2025-01-26 08:32:41 --> Undefined variable $selTP
in APPPATH\Views\datos\generardata\add.php on line 16.
 1 APPPATH\Views\datos\generardata\add.php(16): CodeIgniter\Debug\Exceptions->errorHandler(2, 'Undefined variable $selTP', 'C:\\xampp\\htdocs\\validacioncuentas\\app\\Views\\datos\\generardata\\add.php', 16)
 2 SYSTEMPATH\View\View.php(213): include('C:\\xampp\\htdocs\\validacioncuentas\\app\\Views\\datos\\generardata\\add.php')
 3 SYSTEMPATH\View\View.php(216): CodeIgniter\View\View->CodeIgniter\View\{closure}()
 4 SYSTEMPATH\Common.php(1184): CodeIgniter\View\View->render('datos/generardata/add', [], true)
 5 APPPATH\Controllers\Generardata.php(43): view('datos/generardata/add', [...])
 6 SYSTEMPATH\CodeIgniter.php(934): App\Controllers\Generardata->add()
 7 SYSTEMPATH\CodeIgniter.php(499): CodeIgniter\CodeIgniter->runController(Object(App\Controllers\Generardata))
 8 SYSTEMPATH\CodeIgniter.php(368): CodeIgniter\CodeIgniter->handleRequest(null, Object(Config\Cache), false)
 9 FCPATH\index.php(30): CodeIgniter\CodeIgniter->run()
CRITICAL - 2025-01-26 08:34:18 --> Undefined variable $tipopersona
in APPPATH\Views\datos\generardata\add.php on line 16.
 1 APPPATH\Views\datos\generardata\add.php(16): CodeIgniter\Debug\Exceptions->errorHandler(2, 'Undefined variable $tipopersona', 'C:\\xampp\\htdocs\\validacioncuentas\\app\\Views\\datos\\generardata\\add.php', 16)
 2 APPPATH\Views\datos\generardata\index.php(84): require_once('C:\\xampp\\htdocs\\validacioncuentas\\app\\Views\\datos\\generardata\\add.php')
 3 SYSTEMPATH\View\View.php(213): include('C:\\xampp\\htdocs\\validacioncuentas\\app\\Views\\datos\\generardata\\index.php')
 4 SYSTEMPATH\View\View.php(216): CodeIgniter\View\View->CodeIgniter\View\{closure}()
 5 SYSTEMPATH\Common.php(1184): CodeIgniter\View\View->render('datos/generardata/index', [], true)
 6 APPPATH\Controllers\Generardata.php(21): view('datos/generardata/index', [...])
 7 SYSTEMPATH\CodeIgniter.php(934): App\Controllers\Generardata->index()
 8 SYSTEMPATH\CodeIgniter.php(499): CodeIgniter\CodeIgniter->runController(Object(App\Controllers\Generardata))
 9 SYSTEMPATH\CodeIgniter.php(368): CodeIgniter\CodeIgniter->handleRequest(null, Object(Config\Cache), false)
10 FCPATH\index.php(30): CodeIgniter\CodeIgniter->run()
CRITICAL - 2025-01-26 08:35:02 --> Undefined variable $tipopersona
in APPPATH\Views\datos\generardata\add.php on line 16.
 1 APPPATH\Views\datos\generardata\add.php(16): CodeIgniter\Debug\Exceptions->errorHandler(2, 'Undefined variable $tipopersona', 'C:\\xampp\\htdocs\\validacioncuentas\\app\\Views\\datos\\generardata\\add.php', 16)
 2 APPPATH\Views\datos\generardata\index.php(84): require_once('C:\\xampp\\htdocs\\validacioncuentas\\app\\Views\\datos\\generardata\\add.php')
 3 SYSTEMPATH\View\View.php(213): include('C:\\xampp\\htdocs\\validacioncuentas\\app\\Views\\datos\\generardata\\index.php')
 4 SYSTEMPATH\View\View.php(216): CodeIgniter\View\View->CodeIgniter\View\{closure}()
 5 SYSTEMPATH\Common.php(1184): CodeIgniter\View\View->render('datos/generardata/index', [], true)
 6 APPPATH\Controllers\Generardata.php(21): view('datos/generardata/index', [...])
 7 SYSTEMPATH\CodeIgniter.php(934): App\Controllers\Generardata->index()
 8 SYSTEMPATH\CodeIgniter.php(499): CodeIgniter\CodeIgniter->runController(Object(App\Controllers\Generardata))
 9 SYSTEMPATH\CodeIgniter.php(368): CodeIgniter\CodeIgniter->handleRequest(null, Object(Config\Cache), false)
10 FCPATH\index.php(30): CodeIgniter\CodeIgniter->run()
CRITICAL - 2025-01-26 08:35:40 --> Undefined variable $tipopersona
in APPPATH\Views\datos\generardata\add.php on line 16.
 1 APPPATH\Views\datos\generardata\add.php(16): CodeIgniter\Debug\Exceptions->errorHandler(2, 'Undefined variable $tipopersona', 'C:\\xampp\\htdocs\\validacioncuentas\\app\\Views\\datos\\generardata\\add.php', 16)
 2 APPPATH\Views\datos\generardata\index.php(84): require_once('C:\\xampp\\htdocs\\validacioncuentas\\app\\Views\\datos\\generardata\\add.php')
 3 SYSTEMPATH\View\View.php(213): include('C:\\xampp\\htdocs\\validacioncuentas\\app\\Views\\datos\\generardata\\index.php')
 4 SYSTEMPATH\View\View.php(216): CodeIgniter\View\View->CodeIgniter\View\{closure}()
 5 SYSTEMPATH\Common.php(1184): CodeIgniter\View\View->render('datos/generardata/index', [], true)
 6 APPPATH\Controllers\Generardata.php(21): view('datos/generardata/index', [...])
 7 SYSTEMPATH\CodeIgniter.php(934): App\Controllers\Generardata->index()
 8 SYSTEMPATH\CodeIgniter.php(499): CodeIgniter\CodeIgniter->runController(Object(App\Controllers\Generardata))
 9 SYSTEMPATH\CodeIgniter.php(368): CodeIgniter\CodeIgniter->handleRequest(null, Object(Config\Cache), false)
10 FCPATH\index.php(30): CodeIgniter\CodeIgniter->run()
CRITICAL - 2025-01-26 08:37:29 --> Undefined variable $tipopersona
in APPPATH\Views\datos\generardata\add.php on line 16.
 1 APPPATH\Views\datos\generardata\add.php(16): CodeIgniter\Debug\Exceptions->errorHandler(2, 'Undefined variable $tipopersona', 'C:\\xampp\\htdocs\\validacioncuentas\\app\\Views\\datos\\generardata\\add.php', 16)
 2 APPPATH\Views\datos\generardata\index.php(84): require_once('C:\\xampp\\htdocs\\validacioncuentas\\app\\Views\\datos\\generardata\\add.php')
 3 SYSTEMPATH\View\View.php(213): include('C:\\xampp\\htdocs\\validacioncuentas\\app\\Views\\datos\\generardata\\index.php')
 4 SYSTEMPATH\View\View.php(216): CodeIgniter\View\View->CodeIgniter\View\{closure}()
 5 SYSTEMPATH\Common.php(1184): CodeIgniter\View\View->render('datos/generardata/index', [], true)
 6 APPPATH\Controllers\Generardata.php(21): view('datos/generardata/index', [...])
 7 SYSTEMPATH\CodeIgniter.php(934): App\Controllers\Generardata->index()
 8 SYSTEMPATH\CodeIgniter.php(499): CodeIgniter\CodeIgniter->runController(Object(App\Controllers\Generardata))
 9 SYSTEMPATH\CodeIgniter.php(368): CodeIgniter\CodeIgniter->handleRequest(null, Object(Config\Cache), false)
10 FCPATH\index.php(30): CodeIgniter\CodeIgniter->run()
CRITICAL - 2025-01-26 08:45:16 --> Undefined variable $tipopersona
in APPPATH\Views\datos\generardata\add.php on line 16.
 1 APPPATH\Views\datos\generardata\add.php(16): CodeIgniter\Debug\Exceptions->errorHandler(2, 'Undefined variable $tipopersona', 'C:\\xampp\\htdocs\\validacioncuentas\\app\\Views\\datos\\generardata\\add.php', 16)
 2 APPPATH\Views\datos\generardata\index.php(84): require_once('C:\\xampp\\htdocs\\validacioncuentas\\app\\Views\\datos\\generardata\\add.php')
 3 SYSTEMPATH\View\View.php(213): include('C:\\xampp\\htdocs\\validacioncuentas\\app\\Views\\datos\\generardata\\index.php')
 4 SYSTEMPATH\View\View.php(216): CodeIgniter\View\View->CodeIgniter\View\{closure}()
 5 SYSTEMPATH\Common.php(1184): CodeIgniter\View\View->render('datos/generardata/index', [], true)
 6 APPPATH\Controllers\Generardata.php(22): view('datos/generardata/index', [...])
 7 SYSTEMPATH\CodeIgniter.php(934): App\Controllers\Generardata->index()
 8 SYSTEMPATH\CodeIgniter.php(499): CodeIgniter\CodeIgniter->runController(Object(App\Controllers\Generardata))
 9 SYSTEMPATH\CodeIgniter.php(368): CodeIgniter\CodeIgniter->handleRequest(null, Object(Config\Cache), false)
10 FCPATH\index.php(30): CodeIgniter\CodeIgniter->run()
CRITICAL - 2025-01-26 08:45:17 --> Undefined variable $tipopersona
in APPPATH\Views\datos\generardata\add.php on line 16.
 1 APPPATH\Views\datos\generardata\add.php(16): CodeIgniter\Debug\Exceptions->errorHandler(2, 'Undefined variable $tipopersona', 'C:\\xampp\\htdocs\\validacioncuentas\\app\\Views\\datos\\generardata\\add.php', 16)
 2 APPPATH\Views\datos\generardata\index.php(84): require_once('C:\\xampp\\htdocs\\validacioncuentas\\app\\Views\\datos\\generardata\\add.php')
 3 SYSTEMPATH\View\View.php(213): include('C:\\xampp\\htdocs\\validacioncuentas\\app\\Views\\datos\\generardata\\index.php')
 4 SYSTEMPATH\View\View.php(216): CodeIgniter\View\View->CodeIgniter\View\{closure}()
 5 SYSTEMPATH\Common.php(1184): CodeIgniter\View\View->render('datos/generardata/index', [], true)
 6 APPPATH\Controllers\Generardata.php(22): view('datos/generardata/index', [...])
 7 SYSTEMPATH\CodeIgniter.php(934): App\Controllers\Generardata->index()
 8 SYSTEMPATH\CodeIgniter.php(499): CodeIgniter\CodeIgniter->runController(Object(App\Controllers\Generardata))
 9 SYSTEMPATH\CodeIgniter.php(368): CodeIgniter\CodeIgniter->handleRequest(null, Object(Config\Cache), false)
10 FCPATH\index.php(30): CodeIgniter\CodeIgniter->run()
CRITICAL - 2025-01-26 08:45:18 --> Undefined variable $tipopersona
in APPPATH\Views\datos\generardata\add.php on line 16.
 1 APPPATH\Views\datos\generardata\add.php(16): CodeIgniter\Debug\Exceptions->errorHandler(2, 'Undefined variable $tipopersona', 'C:\\xampp\\htdocs\\validacioncuentas\\app\\Views\\datos\\generardata\\add.php', 16)
 2 APPPATH\Views\datos\generardata\index.php(84): require_once('C:\\xampp\\htdocs\\validacioncuentas\\app\\Views\\datos\\generardata\\add.php')
 3 SYSTEMPATH\View\View.php(213): include('C:\\xampp\\htdocs\\validacioncuentas\\app\\Views\\datos\\generardata\\index.php')
 4 SYSTEMPATH\View\View.php(216): CodeIgniter\View\View->CodeIgniter\View\{closure}()
 5 SYSTEMPATH\Common.php(1184): CodeIgniter\View\View->render('datos/generardata/index', [], true)
 6 APPPATH\Controllers\Generardata.php(22): view('datos/generardata/index', [...])
 7 SYSTEMPATH\CodeIgniter.php(934): App\Controllers\Generardata->index()
 8 SYSTEMPATH\CodeIgniter.php(499): CodeIgniter\CodeIgniter->runController(Object(App\Controllers\Generardata))
 9 SYSTEMPATH\CodeIgniter.php(368): CodeIgniter\CodeIgniter->handleRequest(null, Object(Config\Cache), false)
10 FCPATH\index.php(30): CodeIgniter\CodeIgniter->run()
CRITICAL - 2025-01-26 08:46:02 --> Undefined variable $dominio
in APPPATH\Views\datos\generardata\add.php on line 29.
 1 APPPATH\Views\datos\generardata\add.php(29): CodeIgniter\Debug\Exceptions->errorHandler(2, 'Undefined variable $dominio', 'C:\\xampp\\htdocs\\validacioncuentas\\app\\Views\\datos\\generardata\\add.php', 29)
 2 APPPATH\Views\datos\generardata\index.php(84): require_once('C:\\xampp\\htdocs\\validacioncuentas\\app\\Views\\datos\\generardata\\add.php')
 3 SYSTEMPATH\View\View.php(213): include('C:\\xampp\\htdocs\\validacioncuentas\\app\\Views\\datos\\generardata\\index.php')
 4 SYSTEMPATH\View\View.php(216): CodeIgniter\View\View->CodeIgniter\View\{closure}()
 5 SYSTEMPATH\Common.php(1184): CodeIgniter\View\View->render('datos/generardata/index', [], true)
 6 APPPATH\Controllers\Generardata.php(22): view('datos/generardata/index', [...])
 7 SYSTEMPATH\CodeIgniter.php(934): App\Controllers\Generardata->index()
 8 SYSTEMPATH\CodeIgniter.php(499): CodeIgniter\CodeIgniter->runController(Object(App\Controllers\Generardata))
 9 SYSTEMPATH\CodeIgniter.php(368): CodeIgniter\CodeIgniter->handleRequest(null, Object(Config\Cache), false)
10 FCPATH\index.php(30): CodeIgniter\CodeIgniter->run()
CRITICAL - 2025-01-26 08:46:16 --> Undefined variable $dominio
in APPPATH\Views\datos\generardata\add.php on line 29.
 1 APPPATH\Views\datos\generardata\add.php(29): CodeIgniter\Debug\Exceptions->errorHandler(2, 'Undefined variable $dominio', 'C:\\xampp\\htdocs\\validacioncuentas\\app\\Views\\datos\\generardata\\add.php', 29)
 2 APPPATH\Views\datos\generardata\index.php(84): require_once('C:\\xampp\\htdocs\\validacioncuentas\\app\\Views\\datos\\generardata\\add.php')
 3 SYSTEMPATH\View\View.php(213): include('C:\\xampp\\htdocs\\validacioncuentas\\app\\Views\\datos\\generardata\\index.php')
 4 SYSTEMPATH\View\View.php(216): CodeIgniter\View\View->CodeIgniter\View\{closure}()
 5 SYSTEMPATH\Common.php(1184): CodeIgniter\View\View->render('datos/generardata/index', [], true)
 6 APPPATH\Controllers\Generardata.php(22): view('datos/generardata/index', [...])
 7 SYSTEMPATH\CodeIgniter.php(934): App\Controllers\Generardata->index()
 8 SYSTEMPATH\CodeIgniter.php(499): CodeIgniter\CodeIgniter->runController(Object(App\Controllers\Generardata))
 9 SYSTEMPATH\CodeIgniter.php(368): CodeIgniter\CodeIgniter->handleRequest(null, Object(Config\Cache), false)
10 FCPATH\index.php(30): CodeIgniter\CodeIgniter->run()
CRITICAL - 2025-01-26 11:02:36 --> Attempt to read property "dom_nombre" on array
in APPPATH\Controllers\Generardata.php on line 170.
 1 APPPATH\Controllers\Generardata.php(170): CodeIgniter\Debug\Exceptions->errorHandler(2, 'Attempt to read property "dom_nombre" on array', 'C:\\xampp\\htdocs\\validacioncuentas\\app\\Controllers\\Generardata.php', 170)
 2 SYSTEMPATH\CodeIgniter.php(934): App\Controllers\Generardata->procesar()
 3 SYSTEMPATH\CodeIgniter.php(499): CodeIgniter\CodeIgniter->runController(Object(App\Controllers\Generardata))
 4 SYSTEMPATH\CodeIgniter.php(368): CodeIgniter\CodeIgniter->handleRequest(null, Object(Config\Cache), false)
 5 FCPATH\index.php(30): CodeIgniter\CodeIgniter->run()
