CRITICAL - 2025-02-26 20:48:30 --> number_format(): Argument #1 ($num) must be of type float, string given
in APPPATH\Views\datos\subirdata\index.php on line 59.
 1 APPPATH\Views\datos\subirdata\index.php(59): number_format('00:01:10', 2)
 2 SYSTEMPATH\View\View.php(213): include('C:\\xampp\\htdocs\\validacioncuentas\\app\\Views\\datos\\subirdata\\index.php')
 3 SYSTEMPATH\View\View.php(216): CodeIgniter\View\View->CodeIgniter\View\{closure}()
 4 SYSTEMPATH\Common.php(1184): CodeIgniter\View\View->render('datos/subirdata/index', [], true)
 5 APPPATH\Controllers\Subirdata.php(20): view('datos/subirdata/index', [...])
 6 SYSTEMPATH\CodeIgniter.php(934): App\Controllers\Subirdata->index()
 7 SYSTEMPATH\CodeIgniter.php(499): CodeIgniter\CodeIgniter->runController(Object(App\Controllers\Subirdata))
 8 SYSTEMPATH\CodeIgniter.php(368): CodeIgniter\CodeIgniter->handleRequest(null, Object(Config\Cache), false)
 9 FCPATH\index.php(30): CodeIgniter\CodeIgniter->run()
CRITICAL - 2025-02-26 20:53:30 --> Attempt to read property "arc_ruta" on null
in APPPATH\Controllers\Subirdata.php on line 39.
 1 APPPATH\Controllers\Subirdata.php(39): CodeIgniter\Debug\Exceptions->errorHandler(2, 'Attempt to read property "arc_ruta" on null', 'C:\\xampp\\htdocs\\validacioncuentas\\app\\Controllers\\Subirdata.php', 39)
 2 SYSTEMPATH\CodeIgniter.php(934): App\Controllers\Subirdata->detalle('1')
 3 SYSTEMPATH\CodeIgniter.php(499): CodeIgniter\CodeIgniter->runController(Object(App\Controllers\Subirdata))
 4 SYSTEMPATH\CodeIgniter.php(368): CodeIgniter\CodeIgniter->handleRequest(null, Object(Config\Cache), false)
 5 FCPATH\index.php(30): CodeIgniter\CodeIgniter->run()
CRITICAL - 2025-02-26 21:48:12 --> Archivo inválido: mantenedor/dominio/edit.php
in SYSTEMPATH\Exceptions\FrameworkException.php on line 33.
 1 SYSTEMPATH\View\View.php(201): CodeIgniter\Exceptions\FrameworkException::forInvalidFile('mantenedor/dominio/edit.php')
 2 SYSTEMPATH\Common.php(1184): CodeIgniter\View\View->render('mantenedor/dominio/edit', [], true)
 3 APPPATH\Controllers\Dominio.php(46): view('mantenedor/dominio/edit', [...])
 4 SYSTEMPATH\CodeIgniter.php(934): App\Controllers\Dominio->edit('1')
 5 SYSTEMPATH\CodeIgniter.php(499): CodeIgniter\CodeIgniter->runController(Object(App\Controllers\Dominio))
 6 SYSTEMPATH\CodeIgniter.php(368): CodeIgniter\CodeIgniter->handleRequest(null, Object(Config\Cache), false)
 7 FCPATH\index.php(30): CodeIgniter\CodeIgniter->run()
CRITICAL - 2025-02-26 21:59:07 --> Call to undefined method App\Models\dominioModelo::updateTipo
in SYSTEMPATH\Model.php on line 842.
 1 APPPATH\Controllers\Dominio.php(78): CodeIgniter\Model->__call('updateTipo', [...])
 2 SYSTEMPATH\CodeIgniter.php(934): App\Controllers\Dominio->update()
 3 SYSTEMPATH\CodeIgniter.php(499): CodeIgniter\CodeIgniter->runController(Object(App\Controllers\Dominio))
 4 SYSTEMPATH\CodeIgniter.php(368): CodeIgniter\CodeIgniter->handleRequest(null, Object(Config\Cache), false)
 5 FCPATH\index.php(30): CodeIgniter\CodeIgniter->run()
