CRITICAL - 2025-04-10 08:17:24 --> No hay datos para update
in SYSTEMPATH\BaseModel.php on line 924.
 1 SYSTEMPATH\BaseModel.php(924): CodeIgniter\Database\Exceptions\DataException::forEmptyDataset('update')
 2 SYSTEMPATH\Model.php(756): CodeIgniter\BaseModel->update([...], [])
 3 APPPATH\Models\peyorativosModelo.php(24): CodeIgniter\Model->update('4', [...])
 4 APPPATH\Controllers\Peyorativos.php(96): App\Models\peyorativosModelo->updatePeyorativo('4', [...])
 5 SYSTEMPATH\CodeIgniter.php(934): App\Controllers\Peyorativos->eliminar()
 6 SYSTEMPATH\CodeIgniter.php(499): CodeIgniter\CodeIgniter->runController(Object(App\Controllers\Peyorativos))
 7 SYSTEMPATH\CodeIgniter.php(368): CodeIgniter\CodeIgniter->handleRequest(null, Object(Config\Cache), false)
 8 FCPATH\index.php(30): CodeIgniter\CodeIgniter->run()
CRITICAL - 2025-04-10 08:18:41 --> No hay datos para update
in SYSTEMPATH\BaseModel.php on line 924.
 1 SYSTEMPATH\BaseModel.php(924): CodeIgniter\Database\Exceptions\DataException::forEmptyDataset('update')
 2 SYSTEMPATH\Model.php(756): CodeIgniter\BaseModel->update([...], [])
 3 APPPATH\Models\peyorativosModelo.php(24): CodeIgniter\Model->update('3', [...])
 4 APPPATH\Controllers\Peyorativos.php(96): App\Models\peyorativosModelo->updatePeyorativo('3', [...])
 5 SYSTEMPATH\CodeIgniter.php(934): App\Controllers\Peyorativos->eliminar()
 6 SYSTEMPATH\CodeIgniter.php(499): CodeIgniter\CodeIgniter->runController(Object(App\Controllers\Peyorativos))
 7 SYSTEMPATH\CodeIgniter.php(368): CodeIgniter\CodeIgniter->handleRequest(null, Object(Config\Cache), false)
 8 FCPATH\index.php(30): CodeIgniter\CodeIgniter->run()
